2019-04-23 15:46:25,018 - os.name - Windows 7
2019-04-23 15:46:25,019 - os.arch - amd64
2019-04-23 15:46:25,019 - os.version - 6.1
2019-04-23 15:46:25,019 - java.version - 1.8.0_66
2019-04-23 15:46:25,019 - java.vendor - Oracle Corporation
2019-04-23 15:46:25,019 - java.vendor.url - http://java.oracle.com/
2019-04-23 15:46:25,019 - java.home - C:\Program Files\Java\jre1.8.0_66
2019-04-23 15:46:25,019 - java.vm.specification.name - Java Virtual Machine Specification
2019-04-23 15:46:25,019 - java.vm.specification.vendor - Oracle Corporation
2019-04-23 15:46:25,019 - java.vm.specification.version - 1.8
2019-04-23 15:46:25,019 - java.class.path - C:\eclipse\\plugins/org.eclipse.equinox.launcher_1.3.0.v20140415-2008.jar
2019-04-23 15:46:25,019 - java.library.path - C:\eclipse;C:\Windows\Sun\Java\bin;C:\Windows\system32;C:\Windows;C:/Program Files/Java/jre1.8.0_66/bin/server;C:/Program Files/Java/jre1.8.0_66/bin;C:/Program Files/Java/jre1.8.0_66/lib/amd64;C:\ProgramData\Oracle\Java\javapath;C:\Program Files\Dell\DW WLAN Card;C:\Windows\system32;C:\Windows;C:\Windows\System32\Wbem;C:\Windows\System32\WindowsPowerShell\v1.0\;C:\Program Files\WIDCOMM\Bluetooth Software\;C:\Program Files\WIDCOMM\Bluetooth Software\syswow64;C:\Program Files\Java\jdk1.8.0_31\bin;C:\Program Files\apache-maven-3.2.5\bin;C:\Program Files\Git\cmd;C:\android/tools;C:\android/platform-tools;C:\Appium\;D:\NewProject\AutomationFramework\lib;C:\Program Files (x86)\OpenVPN\bin;C:\eclipse;;.
2019-04-23 15:46:25,020 - --------------------------------------
2019-04-23 15:46:25,021 - ## Eclipse Plug-ins Log Information ##
2019-04-23 15:46:25,021 - --------------------------------------
2019-04-23 15:46:25,134 - javax.el - 2.2.0.v201303151357
2019-04-23 15:46:25,169 - javax.servlet - 3.0.0.v201112011016
2019-04-23 15:46:25,201 - javax.servlet.jsp - 2.2.0.v201112011158
2019-04-23 15:46:25,236 - com.sun.el - 2.2.0.v201303151357
2019-04-23 15:46:25,238 - org.apache.commons.logging - 1.1.1.v201101211721
2019-04-23 15:46:25,289 - org.apache.jasper.glassfish - 2.2.2.v201501141630
2019-04-23 15:46:25,341 - org.apache.lucene.analysis - 3.5.0.v20120725-1805
2019-04-23 15:46:25,343 - org.apache.lucene.core - 3.5.0.v20120725-1805
2019-04-23 15:46:25,373 - org.eclipse.equinox.http.jetty - 3.0.200.v20131021-1843
2019-04-23 15:46:25,406 - org.eclipse.equinox.http.registry - 1.1.300.v20130402-1529
2019-04-23 15:46:25,458 - org.eclipse.equinox.http.servlet - 1.1.500.v20140318-1755
2019-04-23 15:46:25,506 - org.eclipse.equinox.jsp.jasper - 1.0.400.v20130327-1442
2019-04-23 15:46:25,533 - org.eclipse.equinox.jsp.jasper.registry - 1.0.300.v20130327-1442
2019-04-23 15:46:25,534 - org.eclipse.help.base - 4.0.201.v20150204-1700
2019-04-23 15:46:25,536 - org.eclipse.help.ui - 4.0.100.v20140401-0608
2019-04-23 15:46:25,575 - org.eclipse.help.webapp - 3.6.301.v20150115-1843
2019-04-23 15:46:25,612 - org.eclipse.jetty.continuation - 8.1.16.v20140903
2019-04-23 15:46:25,651 - org.eclipse.jetty.http - 8.1.16.v20140903
2019-04-23 15:46:25,713 - org.eclipse.jetty.io - 8.1.16.v20140903
2019-04-23 15:46:25,752 - org.eclipse.jetty.security - 8.1.16.v20140903
2019-04-23 15:46:25,814 - org.eclipse.jetty.server - 8.1.16.v20140903
2019-04-23 15:46:25,842 - org.eclipse.jetty.servlet - 8.1.16.v20140903
2019-04-23 15:46:25,875 - org.eclipse.jetty.util - 8.1.16.v20140903
2019-04-23 15:46:25,879 - org.eclipse.core.net - 1.2.200.v20140124-2013
2019-04-23 15:46:25,967 - org.eclipse.equinox.security - 1.2.0.v20130424-1801
2019-04-23 15:46:26,112 - org.eclipse.wb.os - 1.7.0.r44x201405021445
2019-04-23 15:46:26,142 - org.eclipse.wb.runtime - 1.7.0.r44x201405021445
2019-04-23 15:46:26,185 - org.eclipse.wb.runtime.lib - 1.7.0.r44x201405021445
2019-04-23 15:46:26,186 - org.eclipse.wb.core - 1.7.0.r44x201405021445
2019-04-23 15:46:26,742 - org.eclipse.wb.core.lib - 1.7.0.r44x201405021445
2019-04-23 15:46:26,796 - org.eclipse.wb.os.win32 - 1.7.0.r44x201405021445
2019-04-23 15:46:26,810 - org.eclipse.mylyn.bugzilla.core - 3.13.0.v20140830-0030
2019-04-23 15:46:26,812 - org.eclipse.mylyn.bugzilla.ui - 3.13.0.v20140809-1218
2019-04-23 15:46:26,824 - org.eclipse.andmore.hierarchyviewer - 0.5.0.201605181018
2019-04-23 15:46:26,860 - org.eclipse.sequoyah.device.backward - 2.1.0.N20120718-0509
2019-04-23 15:46:26,860 - org.eclipse.sequoyah.device.framework - 2.1.0.N20120718-0509
2019-04-23 15:46:26,862 - org.eclipse.sequoyah.device.framework.ui - 2.1.0.N20120718-0509
2019-04-23 15:46:26,898 - org.eclipse.sequoyah.device.service.start - 2.1.0.N20120718-0509
2019-04-23 15:46:26,927 - org.eclipse.sequoyah.device.service.stop - 2.1.0.N20120718-0509
2019-04-23 15:46:26,956 - org.eclipse.sequoyah.device.framework.wizard - 2.1.0.N20120718-0509
2019-04-23 15:46:26,974 - org.eclipse.mylyn.tasks.core - 3.13.0.v20140704-0050
2019-04-23 15:46:26,976 - org.eclipse.mylyn.tasks.index.core - 3.13.0.v20140704-0050
2019-04-23 15:46:26,977 - org.eclipse.mylyn.tasks.index.ui - 3.13.0.v20140704-0050
2019-04-23 15:46:26,980 - org.eclipse.mylyn.tasks.search - 3.13.0.v20140704-0050
2019-04-23 15:46:26,983 - org.eclipse.mylyn.tasks.ui - 3.13.0.v20140826-1734
2019-04-23 15:46:27,042 - org.eclipse.egit.core - 3.4.2.201412180340-r
2019-04-23 15:46:27,045 - org.eclipse.egit.ui - 3.4.2.201412180340-r
2019-04-23 15:46:27,045 - org.eclipse.egit - 3.4.2.201412180340-r
2019-04-23 15:46:27,047 - org.eclipse.egit.doc - 3.4.2.201412180340-r
2019-04-23 15:46:27,060 - org.eclipse.gef - 3.9.100.201408150207
2019-04-23 15:46:27,097 - org.eclipse.mylyn.commons.identity.core - 1.5.0.v20140702-2248
2019-04-23 15:46:27,108 - org.eclipse.emf.codegen.ui - 2.6.0.v20150123-0452
2019-04-23 15:46:27,136 - org.eclipse.datatools.enablement.sqlite - 1.0.0.v201002041100
2019-04-23 15:46:27,154 - org.eclipse.datatools.enablement.sqlite.dbdefinition - 1.0.2.v201206010441
2019-04-23 15:46:27,172 - org.eclipse.datatools.enablement.sqlite.ui - 1.0.0.v201107221507
2019-04-23 15:46:27,172 - org.eclipse.datatools.enablement.finfo - 1.5.1.v200906161800
2019-04-23 15:46:27,184 - org.eclipse.mylyn.commons.notifications.core - 1.5.0.v20140702-2248
2019-04-23 15:46:27,186 - org.eclipse.mylyn.commons.notifications.feed - 1.5.0.v20140702-2248
2019-04-23 15:46:27,187 - org.eclipse.mylyn.commons.notifications.ui - 1.5.0.v20140702-2248
2019-04-23 15:46:27,204 - org.eclipse.emf.converter - 2.7.0.v20150123-0452
2019-04-23 15:46:27,227 - org.eclipse.emf.importer - 2.9.0.v20150123-0452
2019-04-23 15:46:27,254 - org.eclipse.emf.exporter - 2.7.0.v20150123-0452
2019-04-23 15:46:27,281 - org.eclipse.emf.importer.ecore - 2.8.0.v20150123-0452
2019-04-23 15:46:27,303 - org.eclipse.emf.importer.java - 2.7.0.v20150123-0452
2019-04-23 15:46:27,323 - org.eclipse.emf.importer.rose - 2.7.0.v20150123-0452
2019-04-23 15:46:27,352 - org.eclipse.mylyn.cvs.core - 1.5.0.v20140702-2223
2019-04-23 15:46:27,362 - org.eclipse.emf.edit.ui - 2.10.2.v20150123-0452
2019-04-23 15:46:27,375 - org.eclipse.help - 3.6.0.v20130326-1254
2019-04-23 15:46:27,377 - org.eclipse.ui - 3.106.1.v20141002-1150
2019-04-23 15:46:27,377 - org.eclipse.ui.workbench - 3.106.2.v20150204-1030
2019-04-23 15:46:27,378 - org.eclipse.update.configurator - 3.3.300.v20140518-1928
2019-04-23 15:46:27,378 - org.eclipse.rcp - 4.4.2.v20150204-1700
2019-04-23 15:46:27,389 - org.eclipse.cvs - 1.4.100.v20140925-0400
2019-04-23 15:46:27,391 - org.eclipse.team.cvs.core - 3.3.600.v20131112-1442
2019-04-23 15:46:27,413 - org.eclipse.team.cvs.ssh2 - 3.2.400.v20131112-1442
2019-04-23 15:46:27,415 - org.eclipse.team.cvs.ui - 3.3.600.v20130514-1224
2019-04-23 15:46:27,429 - org.eclipse.recommenders.rcp - 2.1.9.v20140917-1240
2019-04-23 15:46:27,454 - org.eclipse.recommenders.chain.rcp - 2.1.9.v20140917-1240
2019-04-23 15:46:27,479 - org.eclipse.recommenders.completion.rcp - 2.1.9.v20140917-1240
2019-04-23 15:46:27,502 - org.eclipse.recommenders.injection - 2.1.9.v20140917-1240
2019-04-23 15:46:27,524 - org.eclipse.recommenders.jayes - 2.1.9.v20140917-1240
2019-04-23 15:46:27,544 - org.eclipse.recommenders.jayes.io - 2.1.9.v20140917-1240
2019-04-23 15:46:27,564 - org.eclipse.recommenders.subwords.rcp - 2.1.9.v20140917-1240
2019-04-23 15:46:27,584 - org.eclipse.recommenders.utils - 2.1.9.v20140917-1240
2019-04-23 15:46:27,601 - org.eclipse.recommenders.net - 2.1.9.v20140917-1240
2019-04-23 15:46:27,634 - org.eclipse.mylyn.commons.repositories.http.core - 1.5.0.v20140702-2248
2019-04-23 15:46:27,647 - org.eclipse.datatools.connectivity.oda.design.ui - 3.2.9.v201403131814
2019-04-23 15:46:27,648 - org.eclipse.datatools.connectivity.ui.dse - 1.1.5.v201212070447
2019-04-23 15:46:27,674 - org.eclipse.datatools.connectivity.ui - 1.2.4.v201212070447
2019-04-23 15:46:27,700 - org.eclipse.datatools.connectivity.sqm.core - 1.2.8.v201401230755
2019-04-23 15:46:27,731 - org.eclipse.datatools.help - 1.5.0.v200906020553
2019-04-23 15:46:27,751 - com.android.ide.eclipse.traceview - 23.0.7.2120684
2019-04-23 15:46:27,772 - org.eclipse.jdt - 3.10.1.v20150204-1700
2019-04-23 15:46:27,774 - org.eclipse.ant.ui - 3.5.500.v20140521-1557
2019-04-23 15:46:27,776 - org.eclipse.jdt.apt.core - 3.3.600.v20150122-0735
2019-04-23 15:46:27,804 - org.eclipse.jdt.apt.ui - 3.3.400.v20140311-1758
2019-04-23 15:46:27,822 - org.eclipse.jdt.apt.pluggable.core - 1.0.400.v20131113-0353
2019-04-23 15:46:27,826 - org.eclipse.jdt.compiler.apt - 1.1.0.v20150122-0735
2019-04-23 15:46:27,826 - org.eclipse.jdt.compiler.tool - 1.0.300.v20150114-1827
2019-04-23 15:46:27,826 - org.eclipse.jdt.core - 3.10.2.v20150120-1634
2019-04-23 15:46:27,846 - org.eclipse.jdt.annotation - 2.0.0.v20140415-1436
2019-04-23 15:46:27,847 - org.eclipse.jdt.annotation - 2.0.0.v20140415-1436
2019-04-23 15:46:27,848 - org.eclipse.jdt.core.manipulation - 1.5.0.v20130605-1748
2019-04-23 15:46:27,851 - org.eclipse.jdt.debug.ui - 3.6.300.v20140512-1926
2019-04-23 15:46:27,905 - org.eclipse.jdt.debug - 3.8.102.v20150115-1323
2019-04-23 15:46:27,907 - org.eclipse.jdt.junit - 3.7.300.v20140418-0836
2019-04-23 15:46:27,935 - org.eclipse.jdt.junit.core - 3.7.300.v20140409-1618
2019-04-23 15:46:27,968 - org.eclipse.jdt.junit.runtime - 3.4.500.v20140527-1138
2019-04-23 15:46:27,993 - org.eclipse.jdt.junit4.runtime - 1.1.400.v20140314-0036
2019-04-23 15:46:27,995 - org.eclipse.jdt.launching - 3.7.102.v20141111-0953
2019-04-23 15:46:28,001 - org.eclipse.jdt.ui - 3.10.2.v20141014-1419
2019-04-23 15:46:28,023 - org.junit - 4.11.0.v201303080030
2019-04-23 15:46:28,048 - org.hamcrest.core - 1.3.0.v201303031735
2019-04-23 15:46:28,088 - org.eclipse.jdt.doc.user - 3.10.1.v20140827-1504
2019-04-23 15:46:28,108 - org.eclipse.ant.launching - 1.0.400.v20140518-0030
2019-04-23 15:46:28,120 - org.eclipse.emf.common - 2.10.1.v20150123-0348
2019-04-23 15:46:28,133 - org.eclipse.sequoyah.vnc.vncviewer.vncviews - 2.1.0.N20120718-0509
2019-04-23 15:46:28,165 - org.eclipse.egit.mylyn.ui - 3.4.2.201412180340-r
2019-04-23 15:46:28,180 - org.eclipse.datatools.sqltools.common.ui - 1.0.1.v201212120623
2019-04-23 15:46:28,207 - org.eclipse.datatools.sqltools.debugger.core - 1.0.1.v201107221520
2019-04-23 15:46:28,231 - org.eclipse.datatools.sqltools.editor.core - 1.0.3.v201212120623
2019-04-23 15:46:28,233 - org.eclipse.datatools.sqltools.plan - 1.0.0.v201107221520
2019-04-23 15:46:28,254 - org.eclipse.datatools.sqltools.routineeditor - 1.0.0.v201107221520
2019-04-23 15:46:28,274 - org.eclipse.datatools.sqltools.sql - 1.0.1.v201110050515
2019-04-23 15:46:28,305 - org.eclipse.datatools.sqltools.sqleditor - 1.0.4.v201212120623
2019-04-23 15:46:28,307 - org.eclipse.datatools.sqltools.sqlscrapbook - 1.0.2.v201205310922
2019-04-23 15:46:28,307 - org.eclipse.datatools.help - 1.5.0.v200906020553
2019-04-23 15:46:28,328 - org.eclipse.datatools.sqltools.db.generic - 1.0.0.v201107221520
2019-04-23 15:46:28,347 - org.eclipse.datatools.sqltools.debugger.core.ui - 1.0.0.v201003161000
2019-04-23 15:46:28,369 - org.eclipse.datatools.sqltools.editor.core.ui - 1.0.0.v201001150815
2019-04-23 15:46:28,370 - org.eclipse.datatools.sqltools.result.ui - 1.1.3.v201302061703
2019-04-23 15:46:28,371 - org.eclipse.datatools.sqltools.routineeditor.ui - 1.0.3.v201211200616
2019-04-23 15:46:28,391 - org.eclipse.datatools.sqltools.sql.ui - 1.0.1.v201201270735
2019-04-23 15:46:28,424 - org.objectweb.asm - 5.0.1.v201404251740
2019-04-23 15:46:28,424 - org.eclipse.andmore - 0.5.0.201605181018
2019-04-23 15:46:28,426 - org.eclipse.andmore.base - 0.5.0.201605181018
2019-04-23 15:46:28,428 - org.eclipse.andmore.ddms - 0.5.0.201605181018
2019-04-23 15:46:28,448 - org.eclipse.andmore.overlay - 0.5.0.201605181018
2019-04-23 15:46:28,479 - org.apache.commons.codec - 1.6.0.v201305230611
2019-04-23 15:46:28,510 - org.apache.commons.compress - 1.6.0.v201310281400
2019-04-23 15:46:28,511 - org.apache.httpcomponents.httpclient - 4.3.6.v201411290715
2019-04-23 15:46:28,513 - org.apache.httpcomponents.httpcore - 4.3.3.v201411290715
2019-04-23 15:46:28,531 - com.android.ide.eclipse.base - 23.0.7.2120684
2019-04-23 15:46:28,531 - com.android.ide.eclipse.ddms - 23.0.7.2120684
2019-04-23 15:46:28,561 - org.eclipse.datatools.modelbase.dbdefinition - 1.0.2.v201107221519
2019-04-23 15:46:28,585 - org.eclipse.datatools.modelbase.sql.edit - 1.0.2.v201208230744
2019-04-23 15:46:28,634 - org.eclipse.datatools.modelbase.sql.query - 1.1.4.v201212120619
2019-04-23 15:46:28,666 - org.eclipse.datatools.modelbase.sql.query.edit - 1.0.1.v201110151245
2019-04-23 15:46:28,692 - org.eclipse.datatools.modelbase.sql.xml.query - 1.0.2.v201201131123
2019-04-23 15:46:28,692 - org.eclipse.datatools.modelbase.sql - 1.0.6.v201208230744
2019-04-23 15:46:28,704 - org.eclipse.emf.mapping - 2.8.0.v20150123-0452
2019-04-23 15:46:28,722 - org.eclipse.emf.ecore - 2.10.2.v20150123-0348
2019-04-23 15:46:28,749 - org.eclipse.emf.ecore.change - 2.10.0.v20150123-0348
2019-04-23 15:46:28,750 - org.eclipse.emf.ecore.xmi - 2.10.2.v20150123-0348
2019-04-23 15:46:28,760 - org.eclipse.jgit - 3.4.2.201412180340-r
2019-04-23 15:46:28,780 - org.eclipse.jgit.archive - 3.4.2.201412180340-r
2019-04-23 15:46:28,802 - com.jcraft.jsch - 0.1.51.v201410302000
2019-04-23 15:46:28,833 - javaewah - 0.7.9.v201401101600
2019-04-23 15:46:28,833 - org.apache.commons.compress - 1.6.0.v201310281400
2019-04-23 15:46:28,849 - org.eclipse.mylyn.wikitext.core - 2.2.0.v20140905-1515
2019-04-23 15:46:28,868 - org.eclipse.mylyn.wikitext.core.ant - 2.2.0.v20140902-2320
2019-04-23 15:46:28,885 - org.eclipse.mylyn.wikitext.core.osgi - 2.2.0.v20140902-2320
2019-04-23 15:46:28,907 - org.eclipse.mylyn.wikitext.textile.core - 2.2.0.v20140905-1454
2019-04-23 15:46:28,948 - org.eclipse.mylyn.wikitext.html.core - 2.2.0.v20140905-1515
2019-04-23 15:46:28,975 - org.eclipse.mylyn.wikitext.markdown.core - 2.2.0.v20140903-1442
2019-04-23 15:46:28,995 - org.eclipse.mylyn.wikitext.mediawiki.core - 2.2.0.v20140902-2320
2019-04-23 15:46:29,014 - org.eclipse.mylyn.wikitext.confluence.core - 2.2.0.v20140905-1454
2019-04-23 15:46:29,034 - org.eclipse.mylyn.wikitext.tracwiki.core - 2.2.0.v20140902-2320
2019-04-23 15:46:29,059 - org.eclipse.mylyn.wikitext.twiki.core - 2.2.0.v20140902-2320
2019-04-23 15:46:29,061 - org.eclipse.mylyn.wikitext.ui - 2.2.0.v20140902-2320
2019-04-23 15:46:29,092 - org.eclipse.mylyn.wikitext.help.ui - 2.2.0.v20140902-2320
2019-04-23 15:46:29,113 - org.eclipse.mylyn.wikitext.textile.ui - 2.2.0.v20140702-2138
2019-04-23 15:46:29,146 - org.eclipse.mylyn.wikitext.markdown.ui - 2.2.0.v20140902-2320
2019-04-23 15:46:29,167 - org.eclipse.mylyn.wikitext.mediawiki.ui - 2.2.0.v20140702-2138
2019-04-23 15:46:29,189 - org.eclipse.mylyn.wikitext.confluence.ui - 2.2.0.v20140702-2138
2019-04-23 15:46:29,207 - org.eclipse.mylyn.wikitext.tracwiki.ui - 2.2.0.v20140702-2138
2019-04-23 15:46:29,224 - org.eclipse.mylyn.wikitext.twiki.ui - 2.2.0.v20140702-2138
2019-04-23 15:46:29,244 - org.eclipse.mylyn.wikitext.tasks.ui - 2.2.0.v20140902-2320
2019-04-23 15:46:29,264 - org.eclipse.mylyn.wikitext.context.ui - 2.2.0.v20140902-2320
2019-04-23 15:46:29,277 - org.eclipse.emf.mapping.ecore.editor - 2.6.0.v20150123-0452
2019-04-23 15:46:29,297 - org.eclipse.emf.mapping.ecore2ecore.editor - 2.7.0.v20150123-0452
2019-04-23 15:46:29,319 - org.eclipse.emf.mapping.ecore2xml.ui - 2.7.0.v20150123-0452
2019-04-23 15:46:29,336 - com.android.ide.eclipse.adt - 23.0.7.2120684
2019-04-23 15:46:29,351 - overlay.com.android.ide.eclipse.adt.overlay - 23.0.7.2120684
2019-04-23 15:46:29,691 - org.apache.ant - 1.9.2.v201404171502
2019-04-23 15:46:29,715 - org.eclipse.ant.core - 3.3.1.v20150123-1553
2019-04-23 15:46:29,715 - com.jcraft.jsch - 0.1.51.v201410302000
2019-04-23 15:46:29,735 - org.eclipse.compare.core - 3.5.400.v20130903-0736
2019-04-23 15:46:29,763 - org.eclipse.compare - 3.5.501.v20140817-1445
2019-04-23 15:46:29,782 - org.eclipse.compare.win32 - 1.0.200.v20130514-1224
2019-04-23 15:46:29,783 - org.eclipse.core.filebuffers - 3.5.400.v20140127-1516
2019-04-23 15:46:29,785 - org.eclipse.core.filesystem - 1.4.100.v20140514-1614
2019-04-23 15:46:29,785 - org.eclipse.core.net - 1.2.200.v20140124-2013
2019-04-23 15:46:29,787 - org.eclipse.core.net.win32.x86_64 - 1.0.100.v20140124-2013
2019-04-23 15:46:29,789 - org.eclipse.core.resources - 3.9.1.v20140825-1431
2019-04-23 15:46:29,790 - org.eclipse.core.runtime.compatibility - 3.2.200.v20140128-0851
2019-04-23 15:46:29,797 - org.eclipse.core.runtime.compatibility.registry - 3.5.300.v20140128-0851
2019-04-23 15:46:29,818 - org.eclipse.osgi.util - 3.3.0.v20131023-1243
2019-04-23 15:46:29,820 - org.eclipse.debug.core - 3.9.1.v20140805-1629
2019-04-23 15:46:29,823 - org.eclipse.debug.ui - 3.10.2.v20141014-1039
2019-04-23 15:46:29,824 - org.eclipse.equinox.event - 1.3.100.v20140115-1647
2019-04-23 15:46:29,826 - org.eclipse.ltk.core.refactoring - 3.6.101.v20140817-1500
2019-04-23 15:46:29,827 - org.eclipse.ltk.ui.refactoring - 3.7.100.v20140324-1358
2019-04-23 15:46:29,828 - org.eclipse.platform - 4.4.2.v20150204-1700
2019-04-23 15:46:29,867 - org.eclipse.platform.doc.user - 4.4.2.v20141003-1449
2019-04-23 15:46:29,868 - org.eclipse.search - 3.9.100.v20140226-1637
2019-04-23 15:46:29,870 - org.eclipse.team.core - 3.7.0.v20130514-1224
2019-04-23 15:46:29,872 - org.eclipse.team.ui - 3.7.100.v20130710-1213
2019-04-23 15:46:29,874 - org.eclipse.text - 3.5.300.v20130515-1451
2019-04-23 15:46:29,875 - org.eclipse.jface.text - 3.9.2.v20141003-1326
2019-04-23 15:46:29,877 - org.eclipse.jsch.core - 1.1.500.v20131112-1442
2019-04-23 15:46:29,910 - org.eclipse.jsch.ui - 1.1.500.v20131112-1442
2019-04-23 15:46:29,912 - org.eclipse.ui.console - 3.5.300.v20140424-1437
2019-04-23 15:46:29,915 - org.eclipse.ui.intro - 3.4.200.v20130326-1254
2019-04-23 15:46:29,915 - org.eclipse.ui.intro.universal - 3.2.701.v20150204-1123
2019-04-23 15:46:29,917 - org.eclipse.ui.cheatsheets - 3.4.200.v20131227-1524
2019-04-23 15:46:29,918 - org.eclipse.ui.browser - 3.4.200.v20131003-1453
2019-04-23 15:46:29,920 - org.eclipse.ui.navigator - 3.5.401.v20140724-1117
2019-04-23 15:46:29,922 - org.eclipse.ui.navigator.resources - 3.4.700.v20140407-1004
2019-04-23 15:46:29,923 - org.eclipse.ui.net - 1.2.200.v20120807-0927
2019-04-23 15:46:29,925 - org.eclipse.ui.workbench.texteditor - 3.9.0.v20140411-1521
2019-04-23 15:46:29,929 - org.eclipse.ui.views - 3.7.0.v20140408-0703
2019-04-23 15:46:29,932 - org.eclipse.ui.editors - 3.8.200.v20140401-1310
2019-04-23 15:46:29,934 - org.eclipse.ui.externaltools - 3.2.300.v20140327-1949
2019-04-23 15:46:29,940 - org.eclipse.ui.ide - 3.10.2.v20141118-1227
2019-04-23 15:46:29,943 - org.eclipse.ui.ide.application - 1.0.501.v20141111-1238
2019-04-23 15:46:29,943 - org.eclipse.ui.win32 - 3.2.400.v20140423-2207
2019-04-23 15:46:29,943 - org.eclipse.core.resources.win32.x86_64 - 3.5.0.v20140124-1940
2019-04-23 15:46:29,943 - org.eclipse.core.filesystem.win32.x86_64 - 1.4.0.v20140124-1940
2019-04-23 15:46:29,962 - org.eclipse.core.variables - 3.2.800.v20130819-1716
2019-04-23 15:46:29,963 - org.eclipse.ui.forms - 3.6.100.v20140422-1825
2019-04-23 15:46:29,983 - org.eclipse.ui.views.properties.tabbed - 3.6.0.v20140519-0906
2019-04-23 15:46:29,983 - org.eclipse.equinox.security - 1.2.0.v20130424-1801
2019-04-23 15:46:30,006 - org.eclipse.equinox.security.ui - 1.1.200.v20130626-2037
2019-04-23 15:46:30,008 - org.eclipse.equinox.security.win32.x86_64 - 1.0.100.v20130327-1442
2019-04-23 15:46:30,029 - org.eclipse.core.externaltools - 1.0.300.v20140219-0051
2019-04-23 15:46:30,029 - org.eclipse.ui.themes - 1.0.1.v20141126-1957
2019-04-23 15:46:30,030 - org.eclipse.core.filesystem.java7 - 1.0.0.v20140429-1531
2019-04-23 15:46:30,044 - org.testng.eclipse - 6.14.0.201802161500
2019-04-23 15:46:30,076 - org.eclipse.mylyn.discovery.core - 3.13.0.v20140702-2155
2019-04-23 15:46:30,097 - org.eclipse.mylyn.discovery.ui - 3.13.0.v20140820-1854
2019-04-23 15:46:30,109 - org.eclipse.emf.ecore.edit - 2.9.0.v20150123-0452
2019-04-23 15:46:30,130 - org.eclipse.emf.ecore.change.edit - 2.6.0.v20150123-0452
2019-04-23 15:46:30,142 - org.eclipse.sequoyah.vnc.protocol - 2.1.0.N20120718-0509
2019-04-23 15:46:30,154 - org.eclipse.mylyn.versions.core - 1.5.0.v20140702-2223
2019-04-23 15:46:30,173 - org.eclipse.mylyn.versions.ui - 1.5.0.v20140702-2223
2019-04-23 15:46:30,183 - org.eclipse.emf.mapping.ecore - 2.6.0.v20150123-0452
2019-04-23 15:46:30,200 - org.eclipse.emf.mapping.ecore2ecore - 2.8.0.v20150123-0452
2019-04-23 15:46:30,218 - org.eclipse.emf.mapping.ecore2xml - 2.8.0.v20150123-0452
2019-04-23 15:46:30,228 - org.eclipse.andmore.traceview - 0.5.0.201605181018
2019-04-23 15:46:30,241 - org.eclipse.sequoyah.localization.android - 2.1.0.N20120718-0509
2019-04-23 15:46:30,267 - org.eclipse.sequoyah.localization.android.help - 2.1.1.N20120718-0509
2019-04-23 15:46:30,277 - org.eclipse.m2e.logback.configuration - 1.7.0.20160603-1933
2019-04-23 15:46:30,279 - org.eclipse.m2e.logback.appender - 1.7.0.20160603-1933
2019-04-23 15:46:30,290 - org.eclipse.emf.codegen - 2.10.0.v20150123-0452
2019-04-23 15:46:30,303 - org.eclipse.wst.dtd.ui - 1.0.801.v201308100602
2019-04-23 15:46:30,325 - org.eclipse.wst.dtd.ui.infopop - 1.0.400.v201309112106
2019-04-23 15:46:30,351 - org.eclipse.wst.sse.ui.infopop - 1.0.300.v201309112106
2019-04-23 15:46:30,381 - org.eclipse.wst.xml.ui.infopop - 1.0.400.v201309112106
2019-04-23 15:46:30,382 - org.eclipse.wst.sse.ui - 1.3.301.v201501151629
2019-04-23 15:46:30,383 - org.eclipse.wst.xml.ui - 1.1.501.v201501212057
2019-04-23 15:46:30,385 - org.eclipse.wst.xsd.ui - 1.2.500.v201208081537
2019-04-23 15:46:30,396 - org.eclipse.datatools.doc.user - 1.7.0.20090521092446
2019-04-23 15:46:30,417 - org.eclipse.datatools.oda.cshelp - 1.1.2.v201309200751
2019-04-23 15:46:30,417 - org.eclipse.datatools.help - 1.5.0.v200906020553
2019-04-23 15:46:30,428 - org.eclipse.emf - 2.6.0.v20150123-0452
2019-04-23 15:46:30,440 - org.eclipse.wb.layout.group - 1.7.0.r44x201405021517
2019-04-23 15:46:30,452 - org.eclipse.mylyn.tasks.bugs - 3.13.0.v20140704-0050
2019-04-23 15:46:30,453 - org.eclipse.mylyn.help.ui - 3.13.0.v20140704-0050
2019-04-23 15:46:30,464 - org.eclipse.draw2d - 3.9.101.201408150207
2019-04-23 15:46:30,475 - org.eclipse.emf.edit - 2.10.1.v20150123-0452
2019-04-23 15:46:30,487 - org.eclipse.mylyn.commons.core - 3.13.0.v20140704-2323
2019-04-23 15:46:30,509 - org.eclipse.mylyn.commons.screenshots - 3.13.0.v20140702-2155
2019-04-23 15:46:30,511 - org.eclipse.mylyn.commons.ui - 3.13.0.v20140704-2323
2019-04-23 15:46:30,512 - org.eclipse.mylyn.commons.workbench - 3.13.0.v20140702-2155
2019-04-23 15:46:30,525 - org.eclipse.mylyn.team.cvs - 3.13.0.v20140702-2225
2019-04-23 15:46:30,546 - org.eclipse.mylyn.bugzilla.ide - 3.13.0.v20140702-2225
2019-04-23 15:46:30,547 - org.eclipse.mylyn.ide.ui - 3.13.0.v20140702-2225
2019-04-23 15:46:30,557 - org.eclipse.emf.databinding.edit - 1.3.0.v20150123-0452
2019-04-23 15:46:30,568 - org.eclipse.emf.codegen.ecore - 2.10.2.v20150123-0452
2019-04-23 15:46:30,593 - org.eclipse.emf.ant - 2.8.0.v20150123-0452
2019-04-23 15:46:30,866 - org.eclipse.m2e.archetype.common - 1.7.0.20160603-1931
2019-04-23 15:46:30,946 - org.eclipse.m2e.maven.indexer - 1.7.0.20160603-1931
2019-04-23 15:46:30,972 - org.eclipse.m2e.model.edit - 1.7.0.20160603-1933
2019-04-23 15:46:30,972 - org.eclipse.m2e.core - 1.7.0.20160603-1933
2019-04-23 15:46:30,973 - org.eclipse.m2e.launching - 1.7.0.20160603-1933
2019-04-23 15:46:30,991 - org.eclipse.m2e.workspace.cli - 0.3.1
2019-04-23 15:46:31,037 - org.eclipse.m2e.jdt - 1.7.0.20160603-1933
2019-04-23 15:46:31,058 - org.eclipse.m2e.editor - 1.7.0.20160603-1933
2019-04-23 15:46:31,078 - org.eclipse.m2e.editor.xml - 1.7.0.20160603-1933
2019-04-23 15:46:31,805 - org.eclipse.m2e.maven.runtime - 1.7.0.20160603-1931
2019-04-23 15:46:31,826 - org.eclipse.m2e.maven.runtime.slf4j.simple - 1.7.0.20160603-1931
2019-04-23 15:46:31,827 - org.eclipse.m2e.refactoring - 1.7.0.20160603-1933
2019-04-23 15:46:31,845 - org.eclipse.m2e.lifecyclemapping.defaults - 1.7.0.20160603-1933
2019-04-23 15:46:31,866 - org.eclipse.m2e.discovery - 1.7.0.20160603-1933
2019-04-23 15:46:31,868 - org.eclipse.m2e.core.ui - 1.7.0.20160603-1933
2019-04-23 15:46:31,904 - org.eclipse.m2e.scm - 1.7.0.20160603-1933
2019-04-23 15:46:31,904 - org.eclipse.m2e.jdt.ui - 1.7.0.20160603-1933
2019-04-23 15:46:31,926 - org.eclipse.m2e.profiles.core - 1.7.0.20160603-1933
2019-04-23 15:46:31,948 - org.eclipse.m2e.profiles.ui - 1.7.0.20160603-1933
2019-04-23 15:46:31,964 - org.eclipse.m2e.importer - 1.7.0.20160603-1933
2019-04-23 15:46:31,974 - org.eclipse.andmore.ndk - 0.5.0.201605181018
2019-04-23 15:46:31,984 - org.eclipse.andmore.gldebugger - 0.5.0.201605181018
2019-04-23 15:46:32,028 - org.eclipse.mylyn.hudson.core - 1.5.0.v20140702-2228
2019-04-23 15:46:32,046 - org.eclipse.mylyn.hudson.ui - 1.5.0.v20140702-2228
2019-04-23 15:46:32,057 - org.eclipse.epp.mpc.core - 1.3.1.v20140820-1706
2019-04-23 15:46:32,057 - org.eclipse.epp.mpc.ui - 1.3.1.v20140908-1651
2019-04-23 15:46:32,075 - org.eclipse.epp.mpc.help.ui - 1.3.1.v20140820-1706
2019-04-23 15:46:32,109 - org.eclipse.datatools.connectivity.oda.consumer - 3.2.6.v201403131814
2019-04-23 15:46:32,148 - org.eclipse.datatools.connectivity.oda.design - 3.3.6.v201403131814
2019-04-23 15:46:32,168 - org.eclipse.datatools.connectivity.oda.profile - 3.2.9.v201403131814
2019-04-23 15:46:32,169 - org.eclipse.datatools.connectivity.oda - 3.4.3.v201405301249
2019-04-23 15:46:32,169 - org.eclipse.datatools.connectivity - 1.2.11.v201401230755
2019-04-23 15:46:32,228 - org.eclipse.mylyn.git.core - 1.5.0.v20140702-2223
2019-04-23 15:46:32,244 - org.eclipse.mylyn.git.ui - 1.5.0.v20140702-2223
2019-04-23 15:46:32,254 - org.eclipse.andmore.android.certmanager - 0.5.0.201605181018
2019-04-23 15:46:32,265 - org.eclipse.epp.package.java - 4.4.1.20150109-0740
2019-04-23 15:46:32,274 - org.eclipse.cdt.gdb - 7.0.0.201502131403
2019-04-23 15:46:32,292 - org.eclipse.cdt.gdb.ui - 7.0.0.201502131403
2019-04-23 15:46:32,303 - org.eclipse.sequoyah.localization.tools - 2.1.0.N20120718-0509
2019-04-23 15:46:32,322 - org.eclipse.sequoyah.localization.editor - 2.1.0.N20120718-0509
2019-04-23 15:46:32,337 - org.eclipse.pde - 3.10.1.v20150204-1700
2019-04-23 15:46:32,365 - org.eclipse.pde.build - 3.9.0.v20140415-2029
2019-04-23 15:46:32,366 - org.eclipse.pde.core - 3.10.2.v20150127-1015
2019-04-23 15:46:32,383 - org.eclipse.pde.junit.runtime - 3.4.400.v20140204-1740
2019-04-23 15:46:32,385 - org.eclipse.pde.runtime - 3.4.400.v20140512-1555
2019-04-23 15:46:32,389 - org.eclipse.pde.ui - 3.8.101.v20141001-1400
2019-04-23 15:46:32,423 - org.eclipse.pde.doc.user - 3.10.2.v20150202-1407
2019-04-23 15:46:32,451 - org.eclipse.pde.ui.templates - 3.4.800.v20140410-2009
2019-04-23 15:46:32,452 - org.eclipse.ui.views.log - 1.0.500.v20140512-1221
2019-04-23 15:46:32,453 - org.objectweb.asm - 5.0.1.v201404251740
2019-04-23 15:46:32,473 - org.objectweb.asm.tree - 5.0.1.v201404251740
2019-04-23 15:46:32,510 - org.eclipse.pde.api.tools - 1.0.600.v20140520-1809
2019-04-23 15:46:32,528 - org.eclipse.pde.api.tools.annotations - 1.0.0.v20140602-1527
2019-04-23 15:46:32,529 - org.eclipse.pde.api.tools.ui - 1.0.501.v20140808-0849
2019-04-23 15:46:32,557 - org.eclipse.pde.ds.core - 1.0.300.v20140204-1740
2019-04-23 15:46:32,578 - org.eclipse.pde.ds.ui - 1.0.300.v20140204-1740
2019-04-23 15:46:32,579 - org.eclipse.pde.launching - 3.6.200.v20140521-1231
2019-04-23 15:46:32,599 - org.eclipse.pde.ua.core - 1.0.301.v20140702-1823
2019-04-23 15:46:32,626 - org.eclipse.pde.ua.ui - 1.0.300.v20140307-1548
2019-04-23 15:46:32,627 - org.eclipse.ui.trace - 1.0.201.v20140702-1807
2019-04-23 15:46:32,665 - net.sourceforge.lpg.lpgjavaruntime - 1.1.0.v201004271650
2019-04-23 15:46:32,684 - org.eclipse.datatools.sqltools.parsers.sql.lexer - 1.0.1.v201107221520
2019-04-23 15:46:32,704 - org.eclipse.datatools.sqltools.parsers.sql.query - 1.2.1.v201201250511
2019-04-23 15:46:32,726 - org.eclipse.datatools.sqltools.parsers.sql.xml.query - 1.0.0.v201107221520
2019-04-23 15:46:32,726 - org.eclipse.datatools.sqltools.parsers.sql - 1.0.2.v201107221520
2019-04-23 15:46:32,740 - com.android.ide.eclipse.hierarchyviewer - 23.0.7.2120684
2019-04-23 15:46:32,752 - org.eclipse.mylyn.java.ui - 3.13.0.v20140702-2225
2019-04-23 15:46:32,773 - org.eclipse.mylyn.java.tasks - 3.13.0.v20140819-2236
2019-04-23 15:46:32,773 - org.eclipse.mylyn.ide.ui - 3.13.0.v20140702-2225
2019-04-23 15:46:32,794 - org.eclipse.mylyn.ide.ant - 3.13.0.v20140702-2225
2019-04-23 15:46:32,814 - org.eclipse.mylyn.debug.ui - 3.13.0.v20140814-1721
2019-04-23 15:46:32,826 - org.eclipse.mylyn.team.ui - 3.13.0.v20140702-2225
2019-04-23 15:46:32,836 - org.eclipse.emf.common.ui - 2.9.0.v20150123-0452
2019-04-23 15:46:32,848 - org.eclipse.datatools.sqltools.sql - 1.0.1.v201110050515
2019-04-23 15:46:32,848 - org.eclipse.datatools.sqltools.common.ui - 1.0.1.v201212120623
2019-04-23 15:46:32,848 - org.eclipse.datatools.sqltools.plan - 1.0.0.v201107221520
2019-04-23 15:46:32,848 - org.eclipse.datatools.sqltools.editor.core - 1.0.3.v201212120623
2019-04-23 15:46:32,848 - org.eclipse.datatools.sqltools.sqleditor - 1.0.4.v201212120623
2019-04-23 15:46:32,848 - org.eclipse.datatools.sqltools.ddlgen.ui - 1.0.3.v201211200616
2019-04-23 15:46:32,867 - org.eclipse.datatools.connectivity.db.generic - 1.0.1.v201107221459
2019-04-23 15:46:32,867 - org.eclipse.datatools.sqltools.editor.core.ui - 1.0.0.v201001150815
2019-04-23 15:46:32,867 - org.eclipse.datatools.sqltools.sql.ui - 1.0.1.v201201270735
2019-04-23 15:46:32,882 - org.eclipse.mylyn.commons.repositories.core - 1.5.0.v20140905-0008
2019-04-23 15:46:32,883 - org.eclipse.mylyn.commons.repositories.ui - 1.5.0.v20140826-1731
2019-04-23 15:46:32,896 - org.eclipse.sequoyah.device.common.utilities - 2.1.0.N20120718-0509
2019-04-23 15:46:32,909 - org.eclipse.andmore.android.common - 0.5.0.201605181018
2019-04-23 15:46:32,913 - org.eclipse.andmore.android.codeutils - 0.5.0.201605181018
2019-04-23 15:46:32,954 - org.eclipse.andmore.android.translation - 0.5.0.201605181018
2019-04-23 15:46:32,974 - org.eclipse.andmore.android.codesnippets - 0.5.0.201605181018
2019-04-23 15:46:32,976 - org.eclipse.andmore.android.db.core - 0.5.0.201605181018
2019-04-23 15:46:32,976 - org.eclipse.andmore.android.logger - 0.5.0.201605181018
2019-04-23 15:46:32,996 - org.eclipse.andmore.android - 0.5.0.201605181018
2019-04-23 15:46:32,998 - org.eclipse.andmore.android.emulator - 0.5.0.201605181018
2019-04-23 15:46:33,000 - org.eclipse.andmore.android.launch - 0.5.0.201605181018
2019-04-23 15:46:33,001 - org.eclipse.andmore.android.packaging.ui - 0.5.0.201605181018
2019-04-23 15:46:33,017 - org.eclipse.andmore.android.handset - 0.5.0.201605181018
2019-04-23 15:46:33,018 - org.eclipse.andmore.android.remote - 0.5.0.201605181018
2019-04-23 15:46:33,019 - org.eclipse.andmore.android.win32.x86_64 - 0.5.0.201605181018
2019-04-23 15:46:33,020 - org.eclipse.andmore.android.mat - 0.5.0.201605181018
2019-04-23 15:46:33,021 - org.eclipse.andmore.android.devices.services - 0.5.0.201605181018
2019-04-23 15:46:33,041 - org.eclipse.andmore.android.db.devices - 0.5.0.201605181018
2019-04-23 15:46:33,058 - org.eclipse.andmore.android.installer - 0.5.0.201605181018
2019-04-23 15:46:33,078 - org.eclipse.andmore.android.logger.collector - 0.5.0.201605181018
2019-04-23 15:46:33,090 - org.eclipse.emf.mapping.ui - 2.6.0.v20150123-0452
2019-04-23 15:46:33,104 - org.eclipse.mylyn.monitor.core - 3.13.0.v20140702-2155
2019-04-23 15:46:33,105 - org.eclipse.mylyn.monitor.ui - 3.13.0.v20140702-2155
2019-04-23 15:46:33,136 - org.eclipse.datatools.connectivity.oda.template.ui - 3.2.5.v201403131814
2019-04-23 15:46:33,146 - org.eclipse.sequoyah.vnc.vncviewer - 2.1.0.N20120718-0509
2019-04-23 15:46:33,157 - org.eclipse.emf.codegen.ecore.ui - 2.10.0.v20150123-0452
2019-04-23 15:46:33,172 - org.eclipse.emf.ecore.editor - 2.10.1.v20150123-0452
2019-04-23 15:46:33,185 - org.eclipse.wb.core.ui - 1.7.0.r44x201405021455
2019-04-23 15:46:33,197 - org.eclipse.mylyn.builds.core - 1.5.0.v20140702-2228
2019-04-23 15:46:33,199 - org.eclipse.mylyn.builds.ui - 1.5.0.v20140830-1416
2019-04-23 15:46:33,215 - org.eclipse.mylyn.context.core - 3.13.0.v20140702-2225
2019-04-23 15:46:33,218 - org.eclipse.mylyn.context.ui - 3.13.0.v20140702-2225
2019-04-23 15:46:33,252 - org.eclipse.mylyn.resources.ui - 3.13.0.v20140702-2225
2019-04-23 15:46:33,254 - org.eclipse.mylyn.context.tasks.ui - 3.13.0.v20140819-2236
2019-04-23 15:46:33,268 - org.eclipse.emf.databinding - 1.3.0.v20150123-0452
2019-04-23 15:46:33,280 - org.eclipse.wb.swing - 1.7.0.r44x201405021531
2019-04-23 15:46:33,307 - org.eclipse.wb.swing.FormLayout.lib - 1.7.0.r44x201405021531
2019-04-23 15:46:33,332 - org.eclipse.wb.swing.FormLayout - 1.7.0.r44x201405021531
2019-04-23 15:46:33,383 - org.eclipse.wb.swing.MigLayout.lib - 1.7.0.r44x201405021531
2019-04-23 15:46:33,405 - org.eclipse.wb.swing.MigLayout - 1.7.0.r44x201405021531
2019-04-23 15:46:33,435 - org.eclipse.wb.swing.databinding - 1.7.0.r44x201405021531
2019-04-23 15:46:33,455 - org.eclipse.wb.swing.jsr296 - 1.7.0.r44x201405021531
2019-04-23 15:46:33,473 - org.eclipse.wb.swing.java6 - 1.7.0.r44x201405021531
2019-04-23 15:46:33,485 - org.eclipse.datatools.connectivity.sqm.core.ui - 1.2.3.v201212070447
2019-04-23 15:46:33,486 - org.eclipse.datatools.connectivity.sqm.core - 1.2.8.v201401230755
2019-04-23 15:46:33,506 - org.eclipse.datatools.connectivity.sqm.server.ui - 1.1.101.v201212070447
2019-04-23 15:46:33,506 - org.eclipse.datatools.connectivity.ui.dse - 1.1.5.v201212070447
2019-04-23 15:46:33,506 - org.eclipse.datatools.connectivity.ui - 1.2.4.v201212070447
2019-04-23 15:46:33,506 - org.eclipse.datatools.connectivity - 1.2.11.v201401230755
2019-04-23 15:46:33,506 - org.eclipse.datatools.help - 1.5.0.v200906020553
2019-04-23 15:46:33,526 - org.eclipse.datatools.connectivity.console.profile - 1.0.10.v201109250955
2019-04-25 23:06:55,968 - os.name - Windows 7
2019-04-25 23:06:55,968 - os.arch - amd64
2019-04-25 23:06:55,969 - os.version - 6.1
2019-04-25 23:06:55,969 - java.version - 1.8.0_66
2019-04-25 23:06:55,969 - java.vendor - Oracle Corporation
2019-04-25 23:06:55,969 - java.vendor.url - http://java.oracle.com/
2019-04-25 23:06:55,969 - java.home - C:\Program Files\Java\jre1.8.0_66
2019-04-25 23:06:55,969 - java.vm.specification.name - Java Virtual Machine Specification
2019-04-25 23:06:55,969 - java.vm.specification.vendor - Oracle Corporation
2019-04-25 23:06:55,969 - java.vm.specification.version - 1.8
2019-04-25 23:06:55,969 - java.class.path - C:\eclipse\\plugins/org.eclipse.equinox.launcher_1.3.0.v20140415-2008.jar
2019-04-25 23:06:55,969 - java.library.path - C:\eclipse;C:\Windows\Sun\Java\bin;C:\Windows\system32;C:\Windows;C:/Program Files/Java/jre1.8.0_66/bin/server;C:/Program Files/Java/jre1.8.0_66/bin;C:/Program Files/Java/jre1.8.0_66/lib/amd64;C:\ProgramData\Oracle\Java\javapath;C:\Program Files\Dell\DW WLAN Card;C:\Windows\system32;C:\Windows;C:\Windows\System32\Wbem;C:\Windows\System32\WindowsPowerShell\v1.0\;C:\Program Files\WIDCOMM\Bluetooth Software\;C:\Program Files\WIDCOMM\Bluetooth Software\syswow64;C:\Program Files\Java\jdk1.8.0_31\bin;C:\Program Files\apache-maven-3.2.5\bin;C:\Program Files\Git\cmd;C:\android/tools;C:\android/platform-tools;C:\Appium\;D:\NewProject\AutomationFramework\lib;C:\Program Files (x86)\OpenVPN\bin;C:\eclipse;;.
2019-04-25 23:06:55,969 - --------------------------------------
2019-04-25 23:06:55,969 - ## Eclipse Plug-ins Log Information ##
2019-04-25 23:06:55,969 - --------------------------------------
2019-04-25 23:06:56,067 - javax.el - 2.2.0.v201303151357
2019-04-25 23:06:56,070 - javax.servlet - 3.0.0.v201112011016
2019-04-25 23:06:56,078 - javax.servlet.jsp - 2.2.0.v201112011158
2019-04-25 23:06:56,082 - com.sun.el - 2.2.0.v201303151357
2019-04-25 23:06:56,087 - org.apache.commons.logging - 1.1.1.v201101211721
2019-04-25 23:06:56,089 - org.apache.jasper.glassfish - 2.2.2.v201501141630
2019-04-25 23:06:56,096 - org.apache.lucene.analysis - 3.5.0.v20120725-1805
2019-04-25 23:06:56,098 - org.apache.lucene.core - 3.5.0.v20120725-1805
2019-04-25 23:06:56,100 - org.eclipse.equinox.http.jetty - 3.0.200.v20131021-1843
2019-04-25 23:06:56,105 - org.eclipse.equinox.http.registry - 1.1.300.v20130402-1529
2019-04-25 23:06:56,130 - org.eclipse.equinox.http.servlet - 1.1.500.v20140318-1755
2019-04-25 23:06:56,134 - org.eclipse.equinox.jsp.jasper - 1.0.400.v20130327-1442
2019-04-25 23:06:56,136 - org.eclipse.equinox.jsp.jasper.registry - 1.0.300.v20130327-1442
2019-04-25 23:06:56,137 - org.eclipse.help.base - 4.0.201.v20150204-1700
2019-04-25 23:06:56,140 - org.eclipse.help.ui - 4.0.100.v20140401-0608
2019-04-25 23:06:56,159 - org.eclipse.help.webapp - 3.6.301.v20150115-1843
2019-04-25 23:06:56,172 - org.eclipse.jetty.continuation - 8.1.16.v20140903
2019-04-25 23:06:56,174 - org.eclipse.jetty.http - 8.1.16.v20140903
2019-04-25 23:06:56,200 - org.eclipse.jetty.io - 8.1.16.v20140903
2019-04-25 23:06:56,210 - org.eclipse.jetty.security - 8.1.16.v20140903
2019-04-25 23:06:56,216 - org.eclipse.jetty.server - 8.1.16.v20140903
2019-04-25 23:06:56,220 - org.eclipse.jetty.servlet - 8.1.16.v20140903
2019-04-25 23:06:56,224 - org.eclipse.jetty.util - 8.1.16.v20140903
2019-04-25 23:06:56,265 - org.eclipse.core.net - 1.2.200.v20140124-2013
2019-04-25 23:06:56,332 - org.eclipse.equinox.security - 1.2.0.v20130424-1801
2019-04-25 23:06:56,359 - org.eclipse.wb.os - 1.7.0.r44x201405021445
2019-04-25 23:06:56,364 - org.eclipse.wb.runtime - 1.7.0.r44x201405021445
2019-04-25 23:06:56,373 - org.eclipse.wb.runtime.lib - 1.7.0.r44x201405021445
2019-04-25 23:06:56,373 - org.eclipse.wb.core - 1.7.0.r44x201405021445
2019-04-25 23:06:56,377 - org.eclipse.wb.core.lib - 1.7.0.r44x201405021445
2019-04-25 23:06:56,379 - org.eclipse.wb.os.win32 - 1.7.0.r44x201405021445
2019-04-25 23:06:56,395 - org.eclipse.mylyn.bugzilla.core - 3.13.0.v20140830-0030
2019-04-25 23:06:56,422 - org.eclipse.mylyn.bugzilla.ui - 3.13.0.v20140809-1218
2019-04-25 23:06:56,466 - org.eclipse.andmore.hierarchyviewer - 0.5.0.201605181018
2019-04-25 23:06:56,587 - org.eclipse.sequoyah.device.backward - 2.1.0.N20120718-0509
2019-04-25 23:06:56,587 - org.eclipse.sequoyah.device.framework - 2.1.0.N20120718-0509
2019-04-25 23:06:56,593 - org.eclipse.sequoyah.device.framework.ui - 2.1.0.N20120718-0509
2019-04-25 23:06:56,596 - org.eclipse.sequoyah.device.service.start - 2.1.0.N20120718-0509
2019-04-25 23:06:56,600 - org.eclipse.sequoyah.device.service.stop - 2.1.0.N20120718-0509
2019-04-25 23:06:56,604 - org.eclipse.sequoyah.device.framework.wizard - 2.1.0.N20120718-0509
2019-04-25 23:06:56,643 - org.eclipse.mylyn.tasks.core - 3.13.0.v20140704-0050
2019-04-25 23:06:56,671 - org.eclipse.mylyn.tasks.index.core - 3.13.0.v20140704-0050
2019-04-25 23:06:56,673 - org.eclipse.mylyn.tasks.index.ui - 3.13.0.v20140704-0050
2019-04-25 23:06:56,722 - org.eclipse.mylyn.tasks.search - 3.13.0.v20140704-0050
2019-04-25 23:06:56,723 - org.eclipse.mylyn.tasks.ui - 3.13.0.v20140826-1734
2019-04-25 23:06:56,805 - org.eclipse.egit.core - 3.4.2.201412180340-r
2019-04-25 23:06:56,865 - org.eclipse.egit.ui - 3.4.2.201412180340-r
2019-04-25 23:06:56,927 - org.eclipse.egit - 3.4.2.201412180340-r
2019-04-25 23:06:56,939 - org.eclipse.egit.doc - 3.4.2.201412180340-r
2019-04-25 23:06:56,952 - org.eclipse.gef - 3.9.100.201408150207
2019-04-25 23:06:56,966 - org.eclipse.mylyn.commons.identity.core - 1.5.0.v20140702-2248
2019-04-25 23:06:56,973 - org.eclipse.emf.codegen.ui - 2.6.0.v20150123-0452
2019-04-25 23:06:56,983 - org.eclipse.datatools.enablement.sqlite - 1.0.0.v201002041100
2019-04-25 23:06:56,990 - org.eclipse.datatools.enablement.sqlite.dbdefinition - 1.0.2.v201206010441
2019-04-25 23:06:57,000 - org.eclipse.datatools.enablement.sqlite.ui - 1.0.0.v201107221507
2019-04-25 23:06:57,001 - org.eclipse.datatools.enablement.finfo - 1.5.1.v200906161800
2019-04-25 23:06:57,019 - org.eclipse.mylyn.commons.notifications.core - 1.5.0.v20140702-2248
2019-04-25 23:06:57,024 - org.eclipse.mylyn.commons.notifications.feed - 1.5.0.v20140702-2248
2019-04-25 23:06:57,026 - org.eclipse.mylyn.commons.notifications.ui - 1.5.0.v20140702-2248
2019-04-25 23:06:57,032 - org.eclipse.emf.converter - 2.7.0.v20150123-0452
2019-04-25 23:06:57,047 - org.eclipse.emf.importer - 2.9.0.v20150123-0452
2019-04-25 23:06:57,054 - org.eclipse.emf.exporter - 2.7.0.v20150123-0452
2019-04-25 23:06:57,057 - org.eclipse.emf.importer.ecore - 2.8.0.v20150123-0452
2019-04-25 23:06:57,084 - org.eclipse.emf.importer.java - 2.7.0.v20150123-0452
2019-04-25 23:06:57,087 - org.eclipse.emf.importer.rose - 2.7.0.v20150123-0452
2019-04-25 23:06:57,105 - org.eclipse.mylyn.cvs.core - 1.5.0.v20140702-2223
2019-04-25 23:06:57,114 - org.eclipse.emf.edit.ui - 2.10.2.v20150123-0452
2019-04-25 23:06:57,136 - org.eclipse.help - 3.6.0.v20130326-1254
2019-04-25 23:06:57,139 - org.eclipse.ui - 3.106.1.v20141002-1150
2019-04-25 23:06:57,139 - org.eclipse.ui.workbench - 3.106.2.v20150204-1030
2019-04-25 23:06:57,140 - org.eclipse.update.configurator - 3.3.300.v20140518-1928
2019-04-25 23:06:57,142 - org.eclipse.rcp - 4.4.2.v20150204-1700
2019-04-25 23:06:57,151 - org.eclipse.cvs - 1.4.100.v20140925-0400
2019-04-25 23:06:57,152 - org.eclipse.team.cvs.core - 3.3.600.v20131112-1442
2019-04-25 23:06:57,156 - org.eclipse.team.cvs.ssh2 - 3.2.400.v20131112-1442
2019-04-25 23:06:57,168 - org.eclipse.team.cvs.ui - 3.3.600.v20130514-1224
2019-04-25 23:06:57,185 - org.eclipse.recommenders.rcp - 2.1.9.v20140917-1240
2019-04-25 23:06:57,188 - org.eclipse.recommenders.chain.rcp - 2.1.9.v20140917-1240
2019-04-25 23:06:57,190 - org.eclipse.recommenders.completion.rcp - 2.1.9.v20140917-1240
2019-04-25 23:06:57,193 - org.eclipse.recommenders.injection - 2.1.9.v20140917-1240
2019-04-25 23:06:57,196 - org.eclipse.recommenders.jayes - 2.1.9.v20140917-1240
2019-04-25 23:06:57,198 - org.eclipse.recommenders.jayes.io - 2.1.9.v20140917-1240
2019-04-25 23:06:57,200 - org.eclipse.recommenders.subwords.rcp - 2.1.9.v20140917-1240
2019-04-25 23:06:57,202 - org.eclipse.recommenders.utils - 2.1.9.v20140917-1240
2019-04-25 23:06:57,205 - org.eclipse.recommenders.net - 2.1.9.v20140917-1240
2019-04-25 23:06:57,395 - org.eclipse.mylyn.commons.repositories.http.core - 1.5.0.v20140702-2248
2019-04-25 23:06:57,512 - org.eclipse.datatools.connectivity.oda.design.ui - 3.2.9.v201403131814
2019-04-25 23:06:57,553 - org.eclipse.datatools.connectivity.ui.dse - 1.1.5.v201212070447
2019-04-25 23:06:57,583 - org.eclipse.datatools.connectivity.ui - 1.2.4.v201212070447
2019-04-25 23:06:57,588 - org.eclipse.datatools.connectivity.sqm.core - 1.2.8.v201401230755
2019-04-25 23:06:57,592 - org.eclipse.datatools.help - 1.5.0.v200906020553
2019-04-25 23:06:57,637 - com.android.ide.eclipse.traceview - 23.0.7.2120684
2019-04-25 23:06:57,665 - org.eclipse.jdt - 3.10.1.v20150204-1700
2019-04-25 23:06:57,674 - org.eclipse.ant.ui - 3.5.500.v20140521-1557
2019-04-25 23:06:57,680 - org.eclipse.jdt.apt.core - 3.3.600.v20150122-0735
2019-04-25 23:06:57,682 - org.eclipse.jdt.apt.ui - 3.3.400.v20140311-1758
2019-04-25 23:06:57,685 - org.eclipse.jdt.apt.pluggable.core - 1.0.400.v20131113-0353
2019-04-25 23:06:57,695 - org.eclipse.jdt.compiler.apt - 1.1.0.v20150122-0735
2019-04-25 23:06:57,695 - org.eclipse.jdt.compiler.tool - 1.0.300.v20150114-1827
2019-04-25 23:06:57,696 - org.eclipse.jdt.core - 3.10.2.v20150120-1634
2019-04-25 23:06:57,766 - org.eclipse.jdt.annotation - 2.0.0.v20140415-1436
2019-04-25 23:06:57,766 - org.eclipse.jdt.annotation - 2.0.0.v20140415-1436
2019-04-25 23:06:57,769 - org.eclipse.jdt.core.manipulation - 1.5.0.v20130605-1748
2019-04-25 23:06:57,769 - org.eclipse.jdt.debug.ui - 3.6.300.v20140512-1926
2019-04-25 23:06:57,808 - org.eclipse.jdt.debug - 3.8.102.v20150115-1323
2019-04-25 23:06:57,811 - org.eclipse.jdt.junit - 3.7.300.v20140418-0836
2019-04-25 23:06:57,814 - org.eclipse.jdt.junit.core - 3.7.300.v20140409-1618
2019-04-25 23:06:57,818 - org.eclipse.jdt.junit.runtime - 3.4.500.v20140527-1138
2019-04-25 23:06:57,825 - org.eclipse.jdt.junit4.runtime - 1.1.400.v20140314-0036
2019-04-25 23:06:57,828 - org.eclipse.jdt.launching - 3.7.102.v20141111-0953
2019-04-25 23:06:57,829 - org.eclipse.jdt.ui - 3.10.2.v20141014-1419
2019-04-25 23:06:57,854 - org.junit - 4.11.0.v201303080030
2019-04-25 23:06:57,908 - org.hamcrest.core - 1.3.0.v201303031735
2019-04-25 23:06:57,949 - org.eclipse.jdt.doc.user - 3.10.1.v20140827-1504
2019-04-25 23:06:57,990 - org.eclipse.ant.launching - 1.0.400.v20140518-0030
2019-04-25 23:06:58,015 - org.eclipse.emf.common - 2.10.1.v20150123-0348
2019-04-25 23:06:58,080 - org.eclipse.sequoyah.vnc.vncviewer.vncviews - 2.1.0.N20120718-0509
2019-04-25 23:06:58,182 - org.eclipse.egit.mylyn.ui - 3.4.2.201412180340-r
2019-04-25 23:06:58,239 - org.eclipse.datatools.sqltools.common.ui - 1.0.1.v201212120623
2019-04-25 23:06:58,256 - org.eclipse.datatools.sqltools.debugger.core - 1.0.1.v201107221520
2019-04-25 23:06:58,259 - org.eclipse.datatools.sqltools.editor.core - 1.0.3.v201212120623
2019-04-25 23:06:58,262 - org.eclipse.datatools.sqltools.plan - 1.0.0.v201107221520
2019-04-25 23:06:58,265 - org.eclipse.datatools.sqltools.routineeditor - 1.0.0.v201107221520
2019-04-25 23:06:58,275 - org.eclipse.datatools.sqltools.sql - 1.0.1.v201110050515
2019-04-25 23:06:58,351 - org.eclipse.datatools.sqltools.sqleditor - 1.0.4.v201212120623
2019-04-25 23:06:58,356 - org.eclipse.datatools.sqltools.sqlscrapbook - 1.0.2.v201205310922
2019-04-25 23:06:58,356 - org.eclipse.datatools.help - 1.5.0.v200906020553
2019-04-25 23:06:58,375 - org.eclipse.datatools.sqltools.db.generic - 1.0.0.v201107221520
2019-04-25 23:06:58,407 - org.eclipse.datatools.sqltools.debugger.core.ui - 1.0.0.v201003161000
2019-04-25 23:06:58,409 - org.eclipse.datatools.sqltools.editor.core.ui - 1.0.0.v201001150815
2019-04-25 23:06:58,411 - org.eclipse.datatools.sqltools.result.ui - 1.1.3.v201302061703
2019-04-25 23:06:58,413 - org.eclipse.datatools.sqltools.routineeditor.ui - 1.0.3.v201211200616
2019-04-25 23:06:58,415 - org.eclipse.datatools.sqltools.sql.ui - 1.0.1.v201201270735
2019-04-25 23:06:58,423 - org.objectweb.asm - 5.0.1.v201404251740
2019-04-25 23:06:58,423 - org.eclipse.andmore - 0.5.0.201605181018
2019-04-25 23:06:58,423 - org.eclipse.andmore.base - 0.5.0.201605181018
2019-04-25 23:06:58,424 - org.eclipse.andmore.ddms - 0.5.0.201605181018
2019-04-25 23:06:58,426 - org.eclipse.andmore.overlay - 0.5.0.201605181018
2019-04-25 23:06:58,430 - org.apache.commons.codec - 1.6.0.v201305230611
2019-04-25 23:06:58,433 - org.apache.commons.compress - 1.6.0.v201310281400
2019-04-25 23:06:58,435 - org.apache.httpcomponents.httpclient - 4.3.6.v201411290715
2019-04-25 23:06:58,440 - org.apache.httpcomponents.httpcore - 4.3.3.v201411290715
2019-04-25 23:06:58,552 - com.android.ide.eclipse.base - 23.0.7.2120684
2019-04-25 23:06:58,552 - com.android.ide.eclipse.ddms - 23.0.7.2120684
2019-04-25 23:06:58,568 - org.eclipse.datatools.modelbase.dbdefinition - 1.0.2.v201107221519
2019-04-25 23:06:58,571 - org.eclipse.datatools.modelbase.sql.edit - 1.0.2.v201208230744
2019-04-25 23:06:58,573 - org.eclipse.datatools.modelbase.sql.query - 1.1.4.v201212120619
2019-04-25 23:06:58,577 - org.eclipse.datatools.modelbase.sql.query.edit - 1.0.1.v201110151245
2019-04-25 23:06:58,579 - org.eclipse.datatools.modelbase.sql.xml.query - 1.0.2.v201201131123
2019-04-25 23:06:58,579 - org.eclipse.datatools.modelbase.sql - 1.0.6.v201208230744
2019-04-25 23:06:58,585 - org.eclipse.emf.mapping - 2.8.0.v20150123-0452
2019-04-25 23:06:58,610 - org.eclipse.emf.ecore - 2.10.2.v20150123-0348
2019-04-25 23:06:58,616 - org.eclipse.emf.ecore.change - 2.10.0.v20150123-0348
2019-04-25 23:06:58,616 - org.eclipse.emf.ecore.xmi - 2.10.2.v20150123-0348
2019-04-25 23:06:58,657 - org.eclipse.jgit - 3.4.2.201412180340-r
2019-04-25 23:06:58,687 - org.eclipse.jgit.archive - 3.4.2.201412180340-r
2019-04-25 23:06:58,695 - com.jcraft.jsch - 0.1.51.v201410302000
2019-04-25 23:06:58,700 - javaewah - 0.7.9.v201401101600
2019-04-25 23:06:58,700 - org.apache.commons.compress - 1.6.0.v201310281400
2019-04-25 23:06:58,710 - org.eclipse.mylyn.wikitext.core - 2.2.0.v20140905-1515
2019-04-25 23:06:58,716 - org.eclipse.mylyn.wikitext.core.ant - 2.2.0.v20140902-2320
2019-04-25 23:06:58,719 - org.eclipse.mylyn.wikitext.core.osgi - 2.2.0.v20140902-2320
2019-04-25 23:06:58,726 - org.eclipse.mylyn.wikitext.textile.core - 2.2.0.v20140905-1454
2019-04-25 23:06:58,728 - org.eclipse.mylyn.wikitext.html.core - 2.2.0.v20140905-1515
2019-04-25 23:06:58,735 - org.eclipse.mylyn.wikitext.markdown.core - 2.2.0.v20140903-1442
2019-04-25 23:06:58,739 - org.eclipse.mylyn.wikitext.mediawiki.core - 2.2.0.v20140902-2320
2019-04-25 23:06:58,742 - org.eclipse.mylyn.wikitext.confluence.core - 2.2.0.v20140905-1454
2019-04-25 23:06:58,746 - org.eclipse.mylyn.wikitext.tracwiki.core - 2.2.0.v20140902-2320
2019-04-25 23:06:58,751 - org.eclipse.mylyn.wikitext.twiki.core - 2.2.0.v20140902-2320
2019-04-25 23:06:58,755 - org.eclipse.mylyn.wikitext.ui - 2.2.0.v20140902-2320
2019-04-25 23:06:58,759 - org.eclipse.mylyn.wikitext.help.ui - 2.2.0.v20140902-2320
2019-04-25 23:06:58,768 - org.eclipse.mylyn.wikitext.textile.ui - 2.2.0.v20140702-2138
2019-04-25 23:06:58,771 - org.eclipse.mylyn.wikitext.markdown.ui - 2.2.0.v20140902-2320
2019-04-25 23:06:58,776 - org.eclipse.mylyn.wikitext.mediawiki.ui - 2.2.0.v20140702-2138
2019-04-25 23:06:58,780 - org.eclipse.mylyn.wikitext.confluence.ui - 2.2.0.v20140702-2138
2019-04-25 23:06:58,785 - org.eclipse.mylyn.wikitext.tracwiki.ui - 2.2.0.v20140702-2138
2019-04-25 23:06:58,788 - org.eclipse.mylyn.wikitext.twiki.ui - 2.2.0.v20140702-2138
2019-04-25 23:06:58,792 - org.eclipse.mylyn.wikitext.tasks.ui - 2.2.0.v20140902-2320
2019-04-25 23:06:58,798 - org.eclipse.mylyn.wikitext.context.ui - 2.2.0.v20140902-2320
2019-04-25 23:06:58,817 - org.eclipse.emf.mapping.ecore.editor - 2.6.0.v20150123-0452
2019-04-25 23:06:58,823 - org.eclipse.emf.mapping.ecore2ecore.editor - 2.7.0.v20150123-0452
2019-04-25 23:06:58,828 - org.eclipse.emf.mapping.ecore2xml.ui - 2.7.0.v20150123-0452
2019-04-25 23:06:58,862 - com.android.ide.eclipse.adt - 23.0.7.2120684
2019-04-25 23:06:58,871 - overlay.com.android.ide.eclipse.adt.overlay - 23.0.7.2120684
2019-04-25 23:06:59,013 - org.apache.ant - 1.9.2.v201404171502
2019-04-25 23:06:59,015 - org.eclipse.ant.core - 3.3.1.v20150123-1553
2019-04-25 23:06:59,015 - com.jcraft.jsch - 0.1.51.v201410302000
2019-04-25 23:06:59,017 - org.eclipse.compare.core - 3.5.400.v20130903-0736
2019-04-25 23:06:59,020 - org.eclipse.compare - 3.5.501.v20140817-1445
2019-04-25 23:06:59,022 - org.eclipse.compare.win32 - 1.0.200.v20130514-1224
2019-04-25 23:06:59,030 - org.eclipse.core.filebuffers - 3.5.400.v20140127-1516
2019-04-25 23:06:59,043 - org.eclipse.core.filesystem - 1.4.100.v20140514-1614
2019-04-25 23:06:59,043 - org.eclipse.core.net - 1.2.200.v20140124-2013
2019-04-25 23:06:59,047 - org.eclipse.core.net.win32.x86_64 - 1.0.100.v20140124-2013
2019-04-25 23:06:59,050 - org.eclipse.core.resources - 3.9.1.v20140825-1431
2019-04-25 23:06:59,052 - org.eclipse.core.runtime.compatibility - 3.2.200.v20140128-0851
2019-04-25 23:06:59,066 - org.eclipse.core.runtime.compatibility.registry - 3.5.300.v20140128-0851
2019-04-25 23:06:59,075 - org.eclipse.osgi.util - 3.3.0.v20131023-1243
2019-04-25 23:06:59,085 - org.eclipse.debug.core - 3.9.1.v20140805-1629
2019-04-25 23:06:59,087 - org.eclipse.debug.ui - 3.10.2.v20141014-1039
2019-04-25 23:06:59,091 - org.eclipse.equinox.event - 1.3.100.v20140115-1647
2019-04-25 23:06:59,104 - org.eclipse.ltk.core.refactoring - 3.6.101.v20140817-1500
2019-04-25 23:06:59,109 - org.eclipse.ltk.ui.refactoring - 3.7.100.v20140324-1358
2019-04-25 23:06:59,109 - org.eclipse.platform - 4.4.2.v20150204-1700
2019-04-25 23:06:59,111 - org.eclipse.platform.doc.user - 4.4.2.v20141003-1449
2019-04-25 23:06:59,113 - org.eclipse.search - 3.9.100.v20140226-1637
2019-04-25 23:06:59,116 - org.eclipse.team.core - 3.7.0.v20130514-1224
2019-04-25 23:06:59,119 - org.eclipse.team.ui - 3.7.100.v20130710-1213
2019-04-25 23:06:59,122 - org.eclipse.text - 3.5.300.v20130515-1451
2019-04-25 23:06:59,124 - org.eclipse.jface.text - 3.9.2.v20141003-1326
2019-04-25 23:06:59,128 - org.eclipse.jsch.core - 1.1.500.v20131112-1442
2019-04-25 23:06:59,134 - org.eclipse.jsch.ui - 1.1.500.v20131112-1442
2019-04-25 23:06:59,136 - org.eclipse.ui.console - 3.5.300.v20140424-1437
2019-04-25 23:06:59,139 - org.eclipse.ui.intro - 3.4.200.v20130326-1254
2019-04-25 23:06:59,143 - org.eclipse.ui.intro.universal - 3.2.701.v20150204-1123
2019-04-25 23:06:59,146 - org.eclipse.ui.cheatsheets - 3.4.200.v20131227-1524
2019-04-25 23:06:59,149 - org.eclipse.ui.browser - 3.4.200.v20131003-1453
2019-04-25 23:06:59,154 - org.eclipse.ui.navigator - 3.5.401.v20140724-1117
2019-04-25 23:06:59,162 - org.eclipse.ui.navigator.resources - 3.4.700.v20140407-1004
2019-04-25 23:06:59,165 - org.eclipse.ui.net - 1.2.200.v20120807-0927
2019-04-25 23:06:59,167 - org.eclipse.ui.workbench.texteditor - 3.9.0.v20140411-1521
2019-04-25 23:06:59,169 - org.eclipse.ui.views - 3.7.0.v20140408-0703
2019-04-25 23:06:59,169 - org.eclipse.ui.editors - 3.8.200.v20140401-1310
2019-04-25 23:06:59,172 - org.eclipse.ui.externaltools - 3.2.300.v20140327-1949
2019-04-25 23:06:59,177 - org.eclipse.ui.ide - 3.10.2.v20141118-1227
2019-04-25 23:06:59,179 - org.eclipse.ui.ide.application - 1.0.501.v20141111-1238
2019-04-25 23:06:59,180 - org.eclipse.ui.win32 - 3.2.400.v20140423-2207
2019-04-25 23:06:59,181 - org.eclipse.core.resources.win32.x86_64 - 3.5.0.v20140124-1940
2019-04-25 23:06:59,181 - org.eclipse.core.filesystem.win32.x86_64 - 1.4.0.v20140124-1940
2019-04-25 23:06:59,183 - org.eclipse.core.variables - 3.2.800.v20130819-1716
2019-04-25 23:06:59,185 - org.eclipse.ui.forms - 3.6.100.v20140422-1825
2019-04-25 23:06:59,264 - org.eclipse.ui.views.properties.tabbed - 3.6.0.v20140519-0906
2019-04-25 23:06:59,264 - org.eclipse.equinox.security - 1.2.0.v20130424-1801
2019-04-25 23:06:59,353 - org.eclipse.equinox.security.ui - 1.1.200.v20130626-2037
2019-04-25 23:06:59,358 - org.eclipse.equinox.security.win32.x86_64 - 1.0.100.v20130327-1442
2019-04-25 23:06:59,458 - org.eclipse.core.externaltools - 1.0.300.v20140219-0051
2019-04-25 23:06:59,458 - org.eclipse.ui.themes - 1.0.1.v20141126-1957
2019-04-25 23:06:59,459 - org.eclipse.core.filesystem.java7 - 1.0.0.v20140429-1531
2019-04-25 23:06:59,777 - org.testng.eclipse - 6.14.0.201802161500
2019-04-25 23:07:00,480 - org.eclipse.mylyn.discovery.core - 3.13.0.v20140702-2155
2019-04-25 23:07:01,280 - org.eclipse.mylyn.discovery.ui - 3.13.0.v20140820-1854
2019-04-25 23:07:01,507 - org.eclipse.emf.ecore.edit - 2.9.0.v20150123-0452
2019-04-25 23:07:01,779 - org.eclipse.emf.ecore.change.edit - 2.6.0.v20150123-0452
2019-04-25 23:07:01,851 - org.eclipse.sequoyah.vnc.protocol - 2.1.0.N20120718-0509
2019-04-25 23:07:01,909 - org.eclipse.mylyn.versions.core - 1.5.0.v20140702-2223
2019-04-25 23:07:02,508 - org.eclipse.mylyn.versions.ui - 1.5.0.v20140702-2223
2019-04-25 23:07:02,645 - org.eclipse.emf.mapping.ecore - 2.6.0.v20150123-0452
2019-04-25 23:07:02,904 - org.eclipse.emf.mapping.ecore2ecore - 2.8.0.v20150123-0452
2019-04-25 23:07:03,246 - org.eclipse.emf.mapping.ecore2xml - 2.8.0.v20150123-0452
2019-04-25 23:07:04,120 - org.eclipse.andmore.traceview - 0.5.0.201605181018
2019-04-25 23:07:04,439 - org.eclipse.sequoyah.localization.android - 2.1.0.N20120718-0509
2019-04-25 23:07:04,938 - org.eclipse.sequoyah.localization.android.help - 2.1.1.N20120718-0509
2019-04-25 23:07:05,046 - org.eclipse.m2e.logback.configuration - 1.7.0.20160603-1933
2019-04-25 23:07:05,083 - org.eclipse.m2e.logback.appender - 1.7.0.20160603-1933
2019-04-25 23:07:05,239 - org.eclipse.emf.codegen - 2.10.0.v20150123-0452
2019-04-25 23:07:05,488 - org.eclipse.wst.dtd.ui - 1.0.801.v201308100602
2019-04-25 23:07:05,600 - org.eclipse.wst.dtd.ui.infopop - 1.0.400.v201309112106
2019-04-25 23:07:05,859 - org.eclipse.wst.sse.ui.infopop - 1.0.300.v201309112106
2019-04-25 23:07:05,962 - org.eclipse.wst.xml.ui.infopop - 1.0.400.v201309112106
2019-04-25 23:07:05,962 - org.eclipse.wst.sse.ui - 1.3.301.v201501151629
2019-04-25 23:07:05,963 - org.eclipse.wst.xml.ui - 1.1.501.v201501212057
2019-04-25 23:07:05,972 - org.eclipse.wst.xsd.ui - 1.2.500.v201208081537
2019-04-25 23:07:06,092 - org.eclipse.datatools.doc.user - 1.7.0.20090521092446
2019-04-25 23:07:06,225 - org.eclipse.datatools.oda.cshelp - 1.1.2.v201309200751
2019-04-25 23:07:06,225 - org.eclipse.datatools.help - 1.5.0.v200906020553
2019-04-25 23:07:06,317 - org.eclipse.emf - 2.6.0.v20150123-0452
2019-04-25 23:07:06,474 - org.eclipse.wb.layout.group - 1.7.0.r44x201405021517
2019-04-25 23:07:06,566 - org.eclipse.mylyn.tasks.bugs - 3.13.0.v20140704-0050
2019-04-25 23:07:06,931 - org.eclipse.mylyn.help.ui - 3.13.0.v20140704-0050
2019-04-25 23:07:07,001 - org.eclipse.draw2d - 3.9.101.201408150207
2019-04-25 23:07:07,046 - org.eclipse.emf.edit - 2.10.1.v20150123-0452
2019-04-25 23:07:07,276 - org.eclipse.mylyn.commons.core - 3.13.0.v20140704-2323
2019-04-25 23:07:07,437 - org.eclipse.mylyn.commons.screenshots - 3.13.0.v20140702-2155
2019-04-25 23:07:07,575 - org.eclipse.mylyn.commons.ui - 3.13.0.v20140704-2323
2019-04-25 23:07:07,601 - org.eclipse.mylyn.commons.workbench - 3.13.0.v20140702-2155
2019-04-25 23:07:07,726 - org.eclipse.mylyn.team.cvs - 3.13.0.v20140702-2225
2019-04-25 23:07:08,028 - org.eclipse.mylyn.bugzilla.ide - 3.13.0.v20140702-2225
2019-04-25 23:07:08,714 - org.eclipse.mylyn.ide.ui - 3.13.0.v20140702-2225
2019-04-25 23:07:08,732 - org.eclipse.emf.databinding.edit - 1.3.0.v20150123-0452
2019-04-25 23:07:08,752 - org.eclipse.emf.codegen.ecore - 2.10.2.v20150123-0452
2019-04-25 23:07:08,800 - org.eclipse.emf.ant - 2.8.0.v20150123-0452
2019-04-25 23:07:08,838 - org.eclipse.m2e.archetype.common - 1.7.0.20160603-1931
2019-04-25 23:07:08,849 - org.eclipse.m2e.maven.indexer - 1.7.0.20160603-1931
2019-04-25 23:07:08,851 - org.eclipse.m2e.model.edit - 1.7.0.20160603-1933
2019-04-25 23:07:08,851 - org.eclipse.m2e.core - 1.7.0.20160603-1933
2019-04-25 23:07:08,853 - org.eclipse.m2e.launching - 1.7.0.20160603-1933
2019-04-25 23:07:08,976 - org.eclipse.m2e.workspace.cli - 0.3.1
2019-04-25 23:07:08,983 - org.eclipse.m2e.jdt - 1.7.0.20160603-1933
2019-04-25 23:07:08,984 - org.eclipse.m2e.editor - 1.7.0.20160603-1933
2019-04-25 23:07:08,984 - org.eclipse.m2e.editor.xml - 1.7.0.20160603-1933
2019-04-25 23:07:09,009 - org.eclipse.m2e.maven.runtime - 1.7.0.20160603-1931
2019-04-25 23:07:09,076 - org.eclipse.m2e.maven.runtime.slf4j.simple - 1.7.0.20160603-1931
2019-04-25 23:07:09,079 - org.eclipse.m2e.refactoring - 1.7.0.20160603-1933
2019-04-25 23:07:09,094 - org.eclipse.m2e.lifecyclemapping.defaults - 1.7.0.20160603-1933
2019-04-25 23:07:09,162 - org.eclipse.m2e.discovery - 1.7.0.20160603-1933
2019-04-25 23:07:09,163 - org.eclipse.m2e.core.ui - 1.7.0.20160603-1933
2019-04-25 23:07:09,208 - org.eclipse.m2e.scm - 1.7.0.20160603-1933
2019-04-25 23:07:09,208 - org.eclipse.m2e.jdt.ui - 1.7.0.20160603-1933
2019-04-25 23:07:09,244 - org.eclipse.m2e.profiles.core - 1.7.0.20160603-1933
2019-04-25 23:07:09,278 - org.eclipse.m2e.profiles.ui - 1.7.0.20160603-1933
2019-04-25 23:07:09,316 - org.eclipse.m2e.importer - 1.7.0.20160603-1933
2019-04-25 23:07:09,336 - org.eclipse.andmore.ndk - 0.5.0.201605181018
2019-04-25 23:07:09,354 - org.eclipse.andmore.gldebugger - 0.5.0.201605181018
2019-04-25 23:07:09,405 - org.eclipse.mylyn.hudson.core - 1.5.0.v20140702-2228
2019-04-25 23:07:09,448 - org.eclipse.mylyn.hudson.ui - 1.5.0.v20140702-2228
2019-04-25 23:07:09,468 - org.eclipse.epp.mpc.core - 1.3.1.v20140820-1706
2019-04-25 23:07:09,468 - org.eclipse.epp.mpc.ui - 1.3.1.v20140908-1651
2019-04-25 23:07:09,506 - org.eclipse.epp.mpc.help.ui - 1.3.1.v20140820-1706
2019-04-25 23:07:09,569 - org.eclipse.datatools.connectivity.oda.consumer - 3.2.6.v201403131814
2019-04-25 23:07:09,645 - org.eclipse.datatools.connectivity.oda.design - 3.3.6.v201403131814
2019-04-25 23:07:09,690 - org.eclipse.datatools.connectivity.oda.profile - 3.2.9.v201403131814
2019-04-25 23:07:09,690 - org.eclipse.datatools.connectivity.oda - 3.4.3.v201405301249
2019-04-25 23:07:09,690 - org.eclipse.datatools.connectivity - 1.2.11.v201401230755
2019-04-25 23:07:09,755 - org.eclipse.mylyn.git.core - 1.5.0.v20140702-2223
2019-04-25 23:07:09,785 - org.eclipse.mylyn.git.ui - 1.5.0.v20140702-2223
2019-04-25 23:07:09,802 - org.eclipse.andmore.android.certmanager - 0.5.0.201605181018
2019-04-25 23:07:09,821 - org.eclipse.epp.package.java - 4.4.1.20150109-0740
2019-04-25 23:07:09,850 - org.eclipse.cdt.gdb - 7.0.0.201502131403
2019-04-25 23:07:09,911 - org.eclipse.cdt.gdb.ui - 7.0.0.201502131403
2019-04-25 23:07:09,929 - org.eclipse.sequoyah.localization.tools - 2.1.0.N20120718-0509
2019-04-25 23:07:09,969 - org.eclipse.sequoyah.localization.editor - 2.1.0.N20120718-0509
2019-04-25 23:07:09,994 - org.eclipse.pde - 3.10.1.v20150204-1700
2019-04-25 23:07:10,550 - org.eclipse.pde.build - 3.9.0.v20140415-2029
2019-04-25 23:07:10,552 - org.eclipse.pde.core - 3.10.2.v20150127-1015
2019-04-25 23:07:10,599 - org.eclipse.pde.junit.runtime - 3.4.400.v20140204-1740
2019-04-25 23:07:10,603 - org.eclipse.pde.runtime - 3.4.400.v20140512-1555
2019-04-25 23:07:10,614 - org.eclipse.pde.ui - 3.8.101.v20141001-1400
2019-04-25 23:07:10,676 - org.eclipse.pde.doc.user - 3.10.2.v20150202-1407
2019-04-25 23:07:10,711 - org.eclipse.pde.ui.templates - 3.4.800.v20140410-2009
2019-04-25 23:07:10,718 - org.eclipse.ui.views.log - 1.0.500.v20140512-1221
2019-04-25 23:07:10,718 - org.objectweb.asm - 5.0.1.v201404251740
2019-04-25 23:07:10,778 - org.objectweb.asm.tree - 5.0.1.v201404251740
2019-04-25 23:07:10,851 - org.eclipse.pde.api.tools - 1.0.600.v20140520-1809
2019-04-25 23:07:10,889 - org.eclipse.pde.api.tools.annotations - 1.0.0.v20140602-1527
2019-04-25 23:07:10,893 - org.eclipse.pde.api.tools.ui - 1.0.501.v20140808-0849
2019-04-25 23:07:11,196 - org.eclipse.pde.ds.core - 1.0.300.v20140204-1740
2019-04-25 23:07:11,270 - org.eclipse.pde.ds.ui - 1.0.300.v20140204-1740
2019-04-25 23:07:11,292 - org.eclipse.pde.launching - 3.6.200.v20140521-1231
2019-04-25 23:07:11,351 - org.eclipse.pde.ua.core - 1.0.301.v20140702-1823
2019-04-25 23:07:11,396 - org.eclipse.pde.ua.ui - 1.0.300.v20140307-1548
2019-04-25 23:07:11,398 - org.eclipse.ui.trace - 1.0.201.v20140702-1807
2019-04-25 23:07:11,484 - net.sourceforge.lpg.lpgjavaruntime - 1.1.0.v201004271650
2019-04-25 23:07:11,529 - org.eclipse.datatools.sqltools.parsers.sql.lexer - 1.0.1.v201107221520
2019-04-25 23:07:11,576 - org.eclipse.datatools.sqltools.parsers.sql.query - 1.2.1.v201201250511
2019-04-25 23:07:11,611 - org.eclipse.datatools.sqltools.parsers.sql.xml.query - 1.0.0.v201107221520
2019-04-25 23:07:11,611 - org.eclipse.datatools.sqltools.parsers.sql - 1.0.2.v201107221520
2019-04-25 23:07:11,649 - com.android.ide.eclipse.hierarchyviewer - 23.0.7.2120684
2019-04-25 23:07:11,680 - org.eclipse.mylyn.java.ui - 3.13.0.v20140702-2225
2019-04-25 23:07:11,717 - org.eclipse.mylyn.java.tasks - 3.13.0.v20140819-2236
2019-04-25 23:07:11,718 - org.eclipse.mylyn.ide.ui - 3.13.0.v20140702-2225
2019-04-25 23:07:11,775 - org.eclipse.mylyn.ide.ant - 3.13.0.v20140702-2225
2019-04-25 23:07:12,045 - org.eclipse.mylyn.debug.ui - 3.13.0.v20140814-1721
2019-04-25 23:07:12,075 - org.eclipse.mylyn.team.ui - 3.13.0.v20140702-2225
2019-04-25 23:07:12,109 - org.eclipse.emf.common.ui - 2.9.0.v20150123-0452
2019-04-25 23:07:12,147 - org.eclipse.datatools.sqltools.sql - 1.0.1.v201110050515
2019-04-25 23:07:12,147 - org.eclipse.datatools.sqltools.common.ui - 1.0.1.v201212120623
2019-04-25 23:07:12,147 - org.eclipse.datatools.sqltools.plan - 1.0.0.v201107221520
2019-04-25 23:07:12,147 - org.eclipse.datatools.sqltools.editor.core - 1.0.3.v201212120623
2019-04-25 23:07:12,147 - org.eclipse.datatools.sqltools.sqleditor - 1.0.4.v201212120623
2019-04-25 23:07:12,147 - org.eclipse.datatools.sqltools.ddlgen.ui - 1.0.3.v201211200616
2019-04-25 23:07:12,218 - org.eclipse.datatools.connectivity.db.generic - 1.0.1.v201107221459
2019-04-25 23:07:12,218 - org.eclipse.datatools.sqltools.editor.core.ui - 1.0.0.v201001150815
2019-04-25 23:07:12,218 - org.eclipse.datatools.sqltools.sql.ui - 1.0.1.v201201270735
2019-04-25 23:07:12,289 - org.eclipse.mylyn.commons.repositories.core - 1.5.0.v20140905-0008
2019-04-25 23:07:12,291 - org.eclipse.mylyn.commons.repositories.ui - 1.5.0.v20140826-1731
2019-04-25 23:07:12,314 - org.eclipse.sequoyah.device.common.utilities - 2.1.0.N20120718-0509
2019-04-25 23:07:12,334 - org.eclipse.andmore.android.common - 0.5.0.201605181018
2019-04-25 23:07:12,339 - org.eclipse.andmore.android.codeutils - 0.5.0.201605181018
2019-04-25 23:07:12,374 - org.eclipse.andmore.android.translation - 0.5.0.201605181018
2019-04-25 23:07:12,383 - org.eclipse.andmore.android.codesnippets - 0.5.0.201605181018
2019-04-25 23:07:12,386 - org.eclipse.andmore.android.db.core - 0.5.0.201605181018
2019-04-25 23:07:12,386 - org.eclipse.andmore.android.logger - 0.5.0.201605181018
2019-04-25 23:07:12,448 - org.eclipse.andmore.android - 0.5.0.201605181018
2019-04-25 23:07:12,451 - org.eclipse.andmore.android.emulator - 0.5.0.201605181018
2019-04-25 23:07:12,453 - org.eclipse.andmore.android.launch - 0.5.0.201605181018
2019-04-25 23:07:12,455 - org.eclipse.andmore.android.packaging.ui - 0.5.0.201605181018
2019-04-25 23:07:12,488 - org.eclipse.andmore.android.handset - 0.5.0.201605181018
2019-04-25 23:07:12,490 - org.eclipse.andmore.android.remote - 0.5.0.201605181018
2019-04-25 23:07:12,490 - org.eclipse.andmore.android.win32.x86_64 - 0.5.0.201605181018
2019-04-25 23:07:12,493 - org.eclipse.andmore.android.mat - 0.5.0.201605181018
2019-04-25 23:07:12,495 - org.eclipse.andmore.android.devices.services - 0.5.0.201605181018
2019-04-25 23:07:12,567 - org.eclipse.andmore.android.db.devices - 0.5.0.201605181018
2019-04-25 23:07:12,594 - org.eclipse.andmore.android.installer - 0.5.0.201605181018
2019-04-25 23:07:12,883 - org.eclipse.andmore.android.logger.collector - 0.5.0.201605181018
2019-04-25 23:07:12,903 - org.eclipse.emf.mapping.ui - 2.6.0.v20150123-0452
2019-04-25 23:07:12,923 - org.eclipse.mylyn.monitor.core - 3.13.0.v20140702-2155
2019-04-25 23:07:12,925 - org.eclipse.mylyn.monitor.ui - 3.13.0.v20140702-2155
2019-04-25 23:07:13,231 - org.eclipse.datatools.connectivity.oda.template.ui - 3.2.5.v201403131814
2019-04-25 23:07:13,247 - org.eclipse.sequoyah.vnc.vncviewer - 2.1.0.N20120718-0509
2019-04-25 23:07:13,269 - org.eclipse.emf.codegen.ecore.ui - 2.10.0.v20150123-0452
2019-04-25 23:07:13,298 - org.eclipse.emf.ecore.editor - 2.10.1.v20150123-0452
2019-04-25 23:07:13,315 - org.eclipse.wb.core.ui - 1.7.0.r44x201405021455
2019-04-25 23:07:13,348 - org.eclipse.mylyn.builds.core - 1.5.0.v20140702-2228
2019-04-25 23:07:13,350 - org.eclipse.mylyn.builds.ui - 1.5.0.v20140830-1416
2019-04-25 23:07:13,380 - org.eclipse.mylyn.context.core - 3.13.0.v20140702-2225
2019-04-25 23:07:13,382 - org.eclipse.mylyn.context.ui - 3.13.0.v20140702-2225
2019-04-25 23:07:14,051 - org.eclipse.mylyn.resources.ui - 3.13.0.v20140702-2225
2019-04-25 23:07:14,053 - org.eclipse.mylyn.context.tasks.ui - 3.13.0.v20140819-2236
2019-04-25 23:07:14,076 - org.eclipse.emf.databinding - 1.3.0.v20150123-0452
2019-04-25 23:07:14,099 - org.eclipse.wb.swing - 1.7.0.r44x201405021531
2019-04-25 23:07:14,400 - org.eclipse.wb.swing.FormLayout.lib - 1.7.0.r44x201405021531
2019-04-25 23:07:14,439 - org.eclipse.wb.swing.FormLayout - 1.7.0.r44x201405021531
2019-04-25 23:07:14,537 - org.eclipse.wb.swing.MigLayout.lib - 1.7.0.r44x201405021531
2019-04-25 23:07:14,581 - org.eclipse.wb.swing.MigLayout - 1.7.0.r44x201405021531
2019-04-25 23:07:14,624 - org.eclipse.wb.swing.databinding - 1.7.0.r44x201405021531
2019-04-25 23:07:14,662 - org.eclipse.wb.swing.jsr296 - 1.7.0.r44x201405021531
2019-04-25 23:07:14,697 - org.eclipse.wb.swing.java6 - 1.7.0.r44x201405021531
2019-04-25 23:07:14,722 - org.eclipse.datatools.connectivity.sqm.core.ui - 1.2.3.v201212070447
2019-04-25 23:07:14,722 - org.eclipse.datatools.connectivity.sqm.core - 1.2.8.v201401230755
2019-04-25 23:07:14,765 - org.eclipse.datatools.connectivity.sqm.server.ui - 1.1.101.v201212070447
2019-04-25 23:07:14,765 - org.eclipse.datatools.connectivity.ui.dse - 1.1.5.v201212070447
2019-04-25 23:07:14,765 - org.eclipse.datatools.connectivity.ui - 1.2.4.v201212070447
2019-04-25 23:07:14,765 - org.eclipse.datatools.connectivity - 1.2.11.v201401230755
2019-04-25 23:07:14,765 - org.eclipse.datatools.help - 1.5.0.v200906020553
2019-04-25 23:07:14,810 - org.eclipse.datatools.connectivity.console.profile - 1.0.10.v201109250955
