2019-04-23 15:46:33,526 [Worker-1] DEBUG class java.lang.Class - Starting Andmore Common Plugin...
2019-04-23 15:46:33,526 [Worker-1] DEBUG class java.lang.Class - Andmore Common Plugin started.
2019-04-23 15:46:33,526 [Worker-1] DEBUG class java.lang.Class - Starting Andmore Plugin...
2019-04-23 15:46:33,528 [Worker-1] DEBUG class java.lang.Class - Andmore Plugin started.
2019-04-23 15:46:33,554 [Worker-1] DEBUG class java.lang.Class - Starting Andmore Emulator Plugin...
2019-04-23 15:46:33,573 [Worker-1] DEBUG class java.lang.Class - Andmore Emulator Plugin started.
2019-04-23 15:46:33,652 [Worker-1] DEBUG class java.lang.Class - Starting Andmore Device Services Plugin...
2019-04-23 15:46:33,653 [Worker-1] DEBUG class java.lang.Class - Andmore Device Services Plugin started.
2019-04-23 15:46:33,670 [Worker-1] DEBUG class java.lang.Class - Starting Andmore Handset Plugin...
2019-04-23 15:46:33,670 [Worker-1] DEBUG class java.lang.Class - Andmore Handset Plugin started.
2019-04-23 15:46:33,677 [Worker-1] DEBUG class java.lang.Class - Starting Andmore Remote Device Plugin...
2019-04-23 15:46:33,678 [Worker-1] DEBUG class java.lang.Class - Starting Andmore Remote Device Plugin started.
2019-04-23 15:46:33,695 [Worker-1] INFO  Studio for Android - [Status: id=org.eclipse.andmore.android.emulator.status.offline;name=Offline]
2019-04-23 15:46:33,695 [Worker-1] INFO  Studio for Android - [Status: id=org.eclipse.andmore.android.handset.status.handsetonline;name=Online]
2019-04-23 15:46:33,695 [Worker-1] INFO  Studio for Android - [Status: id=INACTIVE;name=INACTIVE]
2019-04-23 15:46:33,695 [Worker-1] INFO  Studio for Android - [Status: id=org.eclipse.andmore.android.emulator.status.notavailable;name=Not available]
2019-04-23 15:46:33,695 [Worker-1] INFO  Studio for Android - [Status: id=IDLE;name=IDLE]
2019-04-23 15:46:33,695 [Worker-1] INFO  Studio for Android - [Status: id=org.eclipse.andmore.android.remote.status.connected;name=Connected]
2019-04-23 15:46:33,696 [Worker-1] INFO  Studio for Android - [Status: id=org.eclipse.andmore.android.remote.status.disconnected;name=Disconnected]
2019-04-23 15:46:33,696 [Worker-1] INFO  Studio for Android - [Status: id=org.eclipse.andmore.android.emulator.status.online;name=Online]
2019-04-23 15:46:33,696 [Worker-1] INFO  Studio for Android - [Status: id=OFF;name=OFF]
2019-04-23 15:46:33,696 [Worker-1] INFO  Studio for Android - [Status: id=org.eclipse.andmore.android.emulator.status.offlineNoData;name=Offline (no user data)]
2019-04-23 15:55:22,146 [ModalContext] ERROR Studio for Android - org.eclipse.sequoyah.localization.tools.managers.LocalizationManager: Error getting Localization Schema
2019-04-23 15:55:22,146 [ModalContext] ERROR Studio for Android - org.eclipse.sequoyah.localization.tools.managers.LocalizationManager: Error getting Localization Schema
2019-04-23 15:55:22,146 [ModalContext] ERROR Studio for Android - org.eclipse.sequoyah.localization.tools.managers.LocalizationManager: Error getting Localization Schema
2019-04-23 15:55:22,146 [ModalContext] ERROR Studio for Android - org.eclipse.sequoyah.localization.tools.managers.LocalizationManager: Error getting Localization Schema
2019-04-23 15:55:22,146 [ModalContext] ERROR Studio for Android - org.eclipse.sequoyah.localization.tools.managers.LocalizationManager: Error getting Localization Schema
2019-04-23 15:55:22,146 [ModalContext] ERROR Studio for Android - org.eclipse.sequoyah.localization.tools.managers.LocalizationManager: Error getting Localization Schema
2019-04-23 15:55:22,147 [ModalContext] ERROR Studio for Android - org.eclipse.sequoyah.localization.tools.managers.LocalizationManager: Error getting Localization Schema
2019-04-23 15:55:22,147 [ModalContext] ERROR Studio for Android - org.eclipse.sequoyah.localization.tools.managers.LocalizationManager: Error getting Localization Schema
2019-04-23 15:55:22,147 [ModalContext] ERROR Studio for Android - org.eclipse.sequoyah.localization.tools.managers.LocalizationManager: Error getting Localization Schema
2019-04-23 15:55:22,147 [ModalContext] ERROR Studio for Android - org.eclipse.sequoyah.localization.tools.managers.LocalizationManager: Error getting Localization Schema
2019-04-23 15:55:22,147 [ModalContext] ERROR Studio for Android - org.eclipse.sequoyah.localization.tools.managers.LocalizationManager: Error getting Localization Schema
2019-04-23 15:55:22,147 [ModalContext] ERROR Studio for Android - org.eclipse.sequoyah.localization.tools.managers.LocalizationManager: Error getting Localization Schema
2019-04-23 15:55:22,147 [ModalContext] ERROR Studio for Android - org.eclipse.sequoyah.localization.tools.managers.LocalizationManager: Error getting Localization Schema
2019-04-23 15:55:22,147 [ModalContext] ERROR Studio for Android - org.eclipse.sequoyah.localization.tools.managers.LocalizationManager: Error getting Localization Schema
2019-04-23 15:55:22,147 [ModalContext] ERROR Studio for Android - org.eclipse.sequoyah.localization.tools.managers.LocalizationManager: Error getting Localization Schema
2019-04-23 15:55:22,147 [ModalContext] ERROR Studio for Android - org.eclipse.sequoyah.localization.tools.managers.LocalizationManager: Error getting Localization Schema
2019-04-23 15:55:22,147 [ModalContext] ERROR Studio for Android - org.eclipse.sequoyah.localization.tools.managers.LocalizationManager: Error getting Localization Schema
2019-04-23 15:55:22,147 [ModalContext] ERROR Studio for Android - org.eclipse.sequoyah.localization.tools.managers.LocalizationManager: Error getting Localization Schema
2019-04-23 15:55:22,147 [ModalContext] ERROR Studio for Android - org.eclipse.sequoyah.localization.tools.managers.LocalizationManager: Error getting Localization Schema
2019-04-23 15:55:22,147 [ModalContext] ERROR Studio for Android - org.eclipse.sequoyah.localization.tools.managers.LocalizationManager: Error getting Localization Schema
2019-04-23 15:55:22,147 [ModalContext] ERROR Studio for Android - org.eclipse.sequoyah.localization.tools.managers.LocalizationManager: Error getting Localization Schema
2019-04-23 15:55:22,147 [ModalContext] ERROR Studio for Android - org.eclipse.sequoyah.localization.tools.managers.LocalizationManager: Error getting Localization Schema
2019-04-23 15:55:22,147 [ModalContext] ERROR Studio for Android - org.eclipse.sequoyah.localization.tools.managers.LocalizationManager: Error getting Localization Schema
2019-04-23 15:55:22,150 [ModalContext] ERROR Studio for Android - org.eclipse.sequoyah.localization.tools.managers.LocalizationManager: Error getting Localization Schema
2019-04-23 15:55:22,150 [ModalContext] ERROR Studio for Android - org.eclipse.sequoyah.localization.tools.managers.LocalizationManager: Error getting Localization Schema
2019-04-23 15:55:22,150 [ModalContext] ERROR Studio for Android - org.eclipse.sequoyah.localization.tools.managers.LocalizationManager: Error getting Localization Schema
2019-04-23 15:55:22,150 [ModalContext] ERROR Studio for Android - org.eclipse.sequoyah.localization.tools.managers.LocalizationManager: Error getting Localization Schema
2019-04-23 15:55:22,150 [ModalContext] ERROR Studio for Android - org.eclipse.sequoyah.localization.tools.managers.LocalizationManager: Error getting Localization Schema
2019-04-23 15:55:22,150 [ModalContext] ERROR Studio for Android - org.eclipse.sequoyah.localization.tools.managers.LocalizationManager: Error getting Localization Schema
2019-04-23 15:55:22,150 [ModalContext] ERROR Studio for Android - org.eclipse.sequoyah.localization.tools.managers.LocalizationManager: Error getting Localization Schema
2019-04-23 15:55:22,150 [ModalContext] ERROR Studio for Android - org.eclipse.sequoyah.localization.tools.managers.LocalizationManager: Error getting Localization Schema
2019-04-23 15:55:22,150 [ModalContext] ERROR Studio for Android - org.eclipse.sequoyah.localization.tools.managers.LocalizationManager: Error getting Localization Schema
2019-04-23 15:55:22,150 [ModalContext] ERROR Studio for Android - org.eclipse.sequoyah.localization.tools.managers.LocalizationManager: Error getting Localization Schema
2019-04-23 15:55:22,150 [ModalContext] ERROR Studio for Android - org.eclipse.sequoyah.localization.tools.managers.LocalizationManager: Error getting Localization Schema
2019-04-23 15:55:22,150 [ModalContext] ERROR Studio for Android - org.eclipse.sequoyah.localization.tools.managers.LocalizationManager: Error getting Localization Schema
2019-04-23 15:55:22,150 [ModalContext] ERROR Studio for Android - org.eclipse.sequoyah.localization.tools.managers.LocalizationManager: Error getting Localization Schema
2019-04-25 23:07:14,810 [Worker-6] DEBUG class java.lang.Class - Starting Andmore Common Plugin...
2019-04-25 23:07:14,810 [Worker-6] DEBUG class java.lang.Class - Andmore Common Plugin started.
2019-04-25 23:07:14,811 [Worker-6] DEBUG class java.lang.Class - Starting Andmore Plugin...
2019-04-25 23:07:14,818 [Worker-6] DEBUG class java.lang.Class - Andmore Plugin started.
2019-04-25 23:07:14,881 [Worker-6] DEBUG class java.lang.Class - Starting Andmore Emulator Plugin...
2019-04-25 23:07:14,922 [Worker-6] DEBUG class java.lang.Class - Andmore Emulator Plugin started.
2019-04-25 23:07:15,194 [Worker-6] DEBUG class java.lang.Class - Starting Andmore Device Services Plugin...
2019-04-25 23:07:15,196 [Worker-6] DEBUG class java.lang.Class - Andmore Device Services Plugin started.
2019-04-25 23:07:15,213 [Worker-6] DEBUG class java.lang.Class - Starting Andmore Handset Plugin...
2019-04-25 23:07:15,214 [Worker-6] DEBUG class java.lang.Class - Andmore Handset Plugin started.
2019-04-25 23:07:15,233 [Worker-6] DEBUG class java.lang.Class - Starting Andmore Remote Device Plugin...
2019-04-25 23:07:15,234 [Worker-6] DEBUG class java.lang.Class - Starting Andmore Remote Device Plugin started.
2019-04-25 23:07:15,274 [Worker-6] INFO  Studio for Android - [Status: id=org.eclipse.andmore.android.emulator.status.offline;name=Offline]
2019-04-25 23:07:15,274 [Worker-6] INFO  Studio for Android - [Status: id=org.eclipse.andmore.android.handset.status.handsetonline;name=Online]
2019-04-25 23:07:15,274 [Worker-6] INFO  Studio for Android - [Status: id=INACTIVE;name=INACTIVE]
2019-04-25 23:07:15,274 [Worker-6] INFO  Studio for Android - [Status: id=org.eclipse.andmore.android.emulator.status.notavailable;name=Not available]
2019-04-25 23:07:15,274 [Worker-6] INFO  Studio for Android - [Status: id=IDLE;name=IDLE]
2019-04-25 23:07:15,274 [Worker-6] INFO  Studio for Android - [Status: id=org.eclipse.andmore.android.remote.status.connected;name=Connected]
2019-04-25 23:07:15,274 [Worker-6] INFO  Studio for Android - [Status: id=org.eclipse.andmore.android.remote.status.disconnected;name=Disconnected]
2019-04-25 23:07:15,274 [Worker-6] INFO  Studio for Android - [Status: id=org.eclipse.andmore.android.emulator.status.online;name=Online]
2019-04-25 23:07:15,274 [Worker-6] INFO  Studio for Android - [Status: id=OFF;name=OFF]
2019-04-25 23:07:15,274 [Worker-6] INFO  Studio for Android - [Status: id=org.eclipse.andmore.android.emulator.status.offlineNoData;name=Offline (no user data)]
2019-04-26 00:23:01,363 [main] DEBUG class java.lang.Class - Starting Eclipse Andmore Database Core Plugin...
2019-04-26 00:23:01,427 [main] DEBUG Studio for Android - JDBC Driver Location:bundleentry://503.fwk1529303412/res/androidjdbc.jar JDBC Driver getBundle().getLocation():reference:file:plugins/org.eclipse.andmore.android.common_0.5.0.201605181018.jar
2019-04-26 00:23:01,428 [main] DEBUG Studio for Android - JDBC Driver Path:C:\eclipse\configuration\org.eclipse.osgi\503\0\.cp\res\androidjdbc.jar
2019-04-26 00:23:01,428 [main] DEBUG Studio for Android - JDBC Driver Location:bundleentry://503.fwk1529303412/res/androidjdbc.jar JDBC Driver getBundle().getLocation():reference:file:plugins/org.eclipse.andmore.android.common_0.5.0.201605181018.jar
2019-04-26 00:23:01,428 [main] DEBUG Studio for Android - JDBC Driver Path:C:\eclipse\configuration\org.eclipse.osgi\503\0\.cp\res\androidjdbc.jar
2019-04-26 00:23:01,448 [main] INFO  Studio for Android - Created a JDBC driver instance at Data Tools.
2019-04-26 00:23:01,456 [main] DEBUG class java.lang.Class - Eclipse Andmore Database Core Plugin started.
2019-04-26 00:23:01,456 [main] DEBUG class java.lang.Class - Starting Eclipse Andmore Database Devices Support Plugin...
2019-04-26 00:23:01,459 [main] DEBUG class java.lang.Class - Eclipse Andmore Database Devices Support Plugin started...
2019-04-26 00:23:01,944 [Framework stop] DEBUG Studio for Android - org.eclipse.sequoyah.device.framework.wizard.DeviceWizardPlugin-SHUTDOWN
2019-04-26 00:23:02,514 [Framework stop] DEBUG Studio for Android - org.eclipse.sequoyah.device.service.start.StartServicePlugin-SHUTDOWN
2019-04-26 00:23:02,526 [Framework stop] DEBUG Studio for Android - org.eclipse.sequoyah.device.framework.ui.DeviceUIPlugin-SHUTDOWN
2019-04-26 00:23:02,527 [Framework stop] DEBUG Studio for Android - org.eclipse.sequoyah.device.service.stop.StopServicePlugin-SHUTDOWN
2019-04-26 00:23:02,527 [Framework stop] DEBUG Studio for Android - org.eclipse.sequoyah.device.framework.DevicePlugin-SHUTDOWN
